<?xml version="1.0" encoding="UTF-8"?>
<testsuite xmlns:xsi="http://www.w3.org/2001/XMLSchema-instance" xsi:noNamespaceSchemaLocation="https://maven.apache.org/surefire/maven-surefire-plugin/xsd/surefire-test-report.xsd" version="3.0.2" name="com.example.JourneyHub.JourneyHubApplicationTests" time="15.382" tests="1" errors="0" skipped="0" failures="0">
  <properties>
[...]
</properties>
  <testcase name="contextLoads" classname="com.example.JourneyHub.JourneyHubApplicationTests" time="0.236">
    <system-out><![CDATA[01:12:41.706 [main] INFO org.springframework.test.context.support.AnnotationConfigContextLoaderUtils -- Could not detect default configuration classes for test class [com.example.JourneyHub.JourneyHubApplicationTests]: JourneyHubApplicationTests does not declare any static, non-private, non-final, nested classes annotated with @Configuration.
01:12:41.934 [main] INFO org.springframework.boot.test.context.SpringBootTestContextBootstrapper -- Found @SpringBootConfiguration com.example.JourneyHub.JourneyHubApplication for test class com.example.JourneyHub.JourneyHubApplicationTests

  .   ____          _            __ _ _
 /\\ / ___'_ __ _ _(_)_ __  __ _ \ \ \ \
( ( )\___ | '_ | '_| | '_ \/ _` | \ \ \ \
 \\/  ___)| |_)| | | | | || (_| |  ) ) ) )
  '  |____| .__|_| |_|_| |_\__, | / / / /
 =========|_|==============|___/=/_/_/_/

 :: Spring Boot ::                (v3.4.3)

2025-04-12T01:12:42.651+03:00  INFO 27052 --- [JourneyHub] [           main] c.e.J.JourneyHubApplicationTests         : Starting JourneyHubApplicationTests using Java 22.0.1 with PID 27052 (started by olegc in C:\javaProjects\JourneyHub)
2025-04-12T01:12:42.653+03:00  INFO 27052 --- [JourneyHub] [           main] c.e.J.JourneyHubApplicationTests         : No active profile set, falling back to 1 default profile: "default"
2025-04-12T01:12:42.654+03:00 DEBUG 27052 --- [JourneyHub] [           main] o.s.boot.SpringApplication               : Loading source class com.example.JourneyHub.JourneyHubApplication
2025-04-12T01:12:42.691+03:00 DEBUG 27052 --- [JourneyHub] [           main] o.s.w.c.s.GenericWebApplicationContext   : Refreshing org.springframework.web.context.support.GenericWebApplicationContext@219f4597
2025-04-12T01:12:42.720+03:00 DEBUG 27052 --- [JourneyHub] [           main] o.s.b.f.s.DefaultListableBeanFactory     : Creating shared instance of singleton bean 'org.springframework.context.annotation.internalConfigurationAnnotationProcessor'
2025-04-12T01:12:42.742+03:00 DEBUG 27052 --- [JourneyHub] [           main] o.s.b.f.s.DefaultListableBeanFactory     : Creating shared instance of singleton bean 'org.springframework.boot.autoconfigure.internalCachingMetadataReaderFactory'
2025-04-12T01:12:42.792+03:00 DEBUG 27052 --- [JourneyHub] [           main] o.s.c.a.ClassPathBeanDefinitionScanner   : Identified candidate component class: file [C:\javaProjects\JourneyHub\target\classes\com\example\JourneyHub\config\CacheConfig.class]
2025-04-12T01:12:42.797+03:00 DEBUG 27052 --- [JourneyHub] [           main] o.s.c.a.ClassPathBeanDefinitionScanner   : Identified candidate component class: file [C:\javaProjects\JourneyHub\target\classes\com\example\JourneyHub\config\JacksonConfig.class]
2025-04-12T01:12:42.800+03:00 DEBUG 27052 --- [JourneyHub] [           main] o.s.c.a.ClassPathBeanDefinitionScanner   : Identified candidate component class: file [C:\javaProjects\JourneyHub\target\classes\com\example\JourneyHub\config\RedisConfig.class]
2025-04-12T01:12:42.808+03:00 DEBUG 27052 --- [JourneyHub] [           main] o.s.c.a.ClassPathBeanDefinitionScanner   : Identified candidate component class: file [C:\javaProjects\JourneyHub\target\classes\com\example\JourneyHub\config\SecurityConfig.class]
2025-04-12T01:12:42.825+03:00 DEBUG 27052 --- [JourneyHub] [           main] o.s.c.a.ClassPathBeanDefinitionScanner   : Identified candidate component class: file [C:\javaProjects\JourneyHub\target\classes\com\example\JourneyHub\controller\AuthController.class]
2025-04-12T01:12:42.829+03:00 DEBUG 27052 --- [JourneyHub] [           main] o.s.c.a.ClassPathBeanDefinitionScanner   : Identified candidate component class: file [C:\javaProjects\JourneyHub\target\classes\com\example\JourneyHub\controller\PassengerController.class]
2025-04-12T01:12:42.833+03:00 DEBUG 27052 --- [JourneyHub] [           main] o.s.c.a.ClassPathBeanDefinitionScanner   : Identified candidate component class: file [C:\javaProjects\JourneyHub\target\classes\com\example\JourneyHub\controller\RouteController.class]
2025-04-12T01:12:42.836+03:00 DEBUG 27052 --- [JourneyHub] [           main] o.s.c.a.ClassPathBeanDefinitionScanner   : Identified candidate component class: file [C:\javaProjects\JourneyHub\target\classes\com\example\JourneyHub\controller\TicketController.class]
2025-04-12T01:12:42.839+03:00 DEBUG 27052 --- [JourneyHub] [           main] o.s.c.a.ClassPathBeanDefinitionScanner   : Identified candidate component class: file [C:\javaProjects\JourneyHub\target\classes\com\example\JourneyHub\controller\UserController.class]
2025-04-12T01:12:42.852+03:00 DEBUG 27052 --- [JourneyHub] [           main] o.s.c.a.ClassPathBeanDefinitionScanner   : Identified candidate component class: file [C:\javaProjects\JourneyHub\target\classes\com\example\JourneyHub\exception\ErrorHandler.class]
2025-04-12T01:12:42.860+03:00 DEBUG 27052 --- [JourneyHub] [           main] o.s.c.a.ClassPathBeanDefinitionScanner   : Identified candidate component class: file [C:\javaProjects\JourneyHub\target\classes\com\example\JourneyHub\listener\TicketEventListener.class]
2025-04-12T01:12:42.897+03:00 DEBUG 27052 --- [JourneyHub] [           main] o.s.c.a.ClassPathBeanDefinitionScanner   : Identified candidate component class: file [C:\javaProjects\JourneyHub\target\classes\com\example\JourneyHub\model\mapper\PassengerMapperImpl.class]
2025-04-12T01:12:42.900+03:00 DEBUG 27052 --- [JourneyHub] [           main] o.s.c.a.ClassPathBeanDefinitionScanner   : Identified candidate component class: file [C:\javaProjects\JourneyHub\target\classes\com\example\JourneyHub\model\mapper\RouteMapperImpl.class]
2025-04-12T01:12:42.903+03:00 DEBUG 27052 --- [JourneyHub] [           main] o.s.c.a.ClassPathBeanDefinitionScanner   : Identified candidate component class: file [C:\javaProjects\JourneyHub\target\classes\com\example\JourneyHub\model\mapper\TicketMapperImpl.class]
2025-04-12T01:12:42.905+03:00 DEBUG 27052 --- [JourneyHub] [           main] o.s.c.a.ClassPathBeanDefinitionScanner   : Identified candidate component class: file [C:\javaProjects\JourneyHub\target\classes\com\example\JourneyHub\model\mapper\UserMapperImpl.class]
2025-04-12T01:12:42.907+03:00 DEBUG 27052 --- [JourneyHub] [           main] o.s.c.a.ClassPathBeanDefinitionScanner   : Ignored because not a concrete top-level class: file [C:\javaProjects\JourneyHub\target\classes\com\example\JourneyHub\repository\PassengerRepository.class]
2025-04-12T01:12:42.910+03:00 DEBUG 27052 --- [JourneyHub] [           main] o.s.c.a.ClassPathBeanDefinitionScanner   : Ignored because not a concrete top-level class: file [C:\javaProjects\JourneyHub\target\classes\com\example\JourneyHub\repository\RouteRepository.class]
2025-04-12T01:12:42.913+03:00 DEBUG 27052 --- [JourneyHub] [           main] o.s.c.a.ClassPathBeanDefinitionScanner   : Ignored because not a concrete top-level class: file [C:\javaProjects\JourneyHub\target\classes\com\example\JourneyHub\repository\TicketRepository.class]
2025-04-12T01:12:42.917+03:00 DEBUG 27052 --- [JourneyHub] [           main] o.s.c.a.ClassPathBeanDefinitionScanner   : Ignored because not a concrete top-level class: file [C:\javaProjects\JourneyHub\target\classes\com\example\JourneyHub\repository\UserPassengerRepository.class]
2025-04-12T01:12:42.920+03:00 DEBUG 27052 --- [JourneyHub] [           main] o.s.c.a.ClassPathBeanDefinitionScanner   : Ignored because not a concrete top-level class: file [C:\javaProjects\JourneyHub\target\classes\com\example\JourneyHub\repository\UserRepository.class]
2025-04-12T01:12:42.923+03:00 DEBUG 27052 --- [JourneyHub] [           main] o.s.c.a.ClassPathBeanDefinitionScanner   : Identified candidate component class: file [C:\javaProjects\JourneyHub\target\classes\com\example\JourneyHub\security\JwtAuthenticationFilter.class]
2025-04-12T01:12:42.925+03:00 DEBUG 27052 --- [JourneyHub] [           main] o.s.c.a.ClassPathBeanDefinitionScanner   : Identified candidate component class: file [C:\javaProjects\JourneyHub\target\classes\com\example\JourneyHub\security\JwtUtil.class]
2025-04-12T01:12:42.927+03:00 DEBUG 27052 --- [JourneyHub] [           main] o.s.c.a.ClassPathBeanDefinitionScanner   : Identified candidate component class: file [C:\javaProjects\JourneyHub\target\classes\com\example\JourneyHub\service\CustomUserDetailsService.class]
2025-04-12T01:12:42.928+03:00 DEBUG 27052 --- [JourneyHub] [           main] o.s.c.a.ClassPathBeanDefinitionScanner   : Identified candidate component class: file [C:\javaProjects\JourneyHub\target\classes\com\example\JourneyHub\service\PassengerService.class]
2025-04-12T01:12:42.943+03:00 DEBUG 27052 --- [JourneyHub] [           main] o.s.c.a.ClassPathBeanDefinitionScanner   : Identified candidate component class: file [C:\javaProjects\JourneyHub\target\classes\com\example\JourneyHub\service\RouteService.class]
2025-04-12T01:12:42.945+03:00 DEBUG 27052 --- [JourneyHub] [           main] o.s.c.a.ClassPathBeanDefinitionScanner   : Identified candidate component class: file [C:\javaProjects\JourneyHub\target\classes\com\example\JourneyHub\service\route\RouteDataGenerator.class]
2025-04-12T01:12:42.950+03:00 DEBUG 27052 --- [JourneyHub] [           main] o.s.c.a.ClassPathBeanDefinitionScanner   : Identified candidate component class: file [C:\javaProjects\JourneyHub\target\classes\com\example\JourneyHub\service\route\RouteFinder.class]
2025-04-12T01:12:42.952+03:00 DEBUG 27052 --- [JourneyHub] [           main] o.s.c.a.ClassPathBeanDefinitionScanner   : Identified candidate component class: file [C:\javaProjects\JourneyHub\target\classes\com\example\JourneyHub\service\TicketService.class]
2025-04-12T01:12:42.953+03:00 DEBUG 27052 --- [JourneyHub] [           main] o.s.c.a.ClassPathBeanDefinitionScanner   : Identified candidate component class: file [C:\javaProjects\JourneyHub\target\classes\com\example\JourneyHub\service\UserService.class]
2025-04-12T01:12:42.955+03:00 DEBUG 27052 --- [JourneyHub] [           main] o.s.c.a.ClassPathBeanDefinitionScanner   : Identified candidate component class: file [C:\javaProjects\JourneyHub\target\classes\com\example\JourneyHub\utils\CacheUtils.class]
2025-04-12T01:12:45.829+03:00  INFO 27052 --- [JourneyHub] [           main] .s.d.r.c.RepositoryConfigurationDelegate : Multiple Spring Data modules found, entering strict repository configuration mode
2025-04-12T01:12:45.831+03:00  INFO 27052 --- [JourneyHub] [           main] .s.d.r.c.RepositoryConfigurationDelegate : Bootstrapping Spring Data JPA repositories in DEFAULT mode.
2025-04-12T01:12:45.856+03:00 DEBUG 27052 --- [JourneyHub] [           main] o.s.b.f.s.DefaultListableBeanFactory     : Creating shared instance of singleton bean 'org.springframework.boot.autoconfigure.AutoConfigurationPackages'
2025-04-12T01:12:45.870+03:00 DEBUG 27052 --- [JourneyHub] [           main] o.s.b.a.AutoConfigurationPackages        : @EnableAutoConfiguration was declared on a class in the package 'com.example.JourneyHub'. Automatic @Repository and @Entity scanning is enabled.
2025-04-12T01:12:45.871+03:00 DEBUG 27052 --- [JourneyHub] [           main] .s.d.r.c.RepositoryConfigurationDelegate : Scanning for JPA repositories in packages com.example.JourneyHub.
2025-04-12T01:12:45.905+03:00 DEBUG 27052 --- [JourneyHub] [           main] o.s.d.r.c.RepositoryComponentProvider    : Identified candidate component class: file [C:\javaProjects\JourneyHub\target\classes\com\example\JourneyHub\repository\PassengerRepository.class]
2025-04-12T01:12:45.906+03:00 DEBUG 27052 --- [JourneyHub] [           main] o.s.d.r.c.RepositoryComponentProvider    : Identified candidate component class: file [C:\javaProjects\JourneyHub\target\classes\com\example\JourneyHub\repository\RouteRepository.class]
2025-04-12T01:12:45.907+03:00 DEBUG 27052 --- [JourneyHub] [           main] o.s.d.r.c.RepositoryComponentProvider    : Identified candidate component class: file [C:\javaProjects\JourneyHub\target\classes\com\example\JourneyHub\repository\TicketRepository.class]
2025-04-12T01:12:45.907+03:00 DEBUG 27052 --- [JourneyHub] [           main] o.s.d.r.c.RepositoryComponentProvider    : Identified candidate component class: file [C:\javaProjects\JourneyHub\target\classes\com\example\JourneyHub\repository\UserPassengerRepository.class]
2025-04-12T01:12:45.907+03:00 DEBUG 27052 --- [JourneyHub] [           main] o.s.d.r.c.RepositoryComponentProvider    : Identified candidate component class: file [C:\javaProjects\JourneyHub\target\classes\com\example\JourneyHub\repository\UserRepository.class]
2025-04-12T01:12:46.150+03:00 DEBUG 27052 --- [JourneyHub] [           main] ssPathScanningCandidateComponentProvider : Identified candidate component class: file [C:\javaProjects\JourneyHub\target\classes\com\example\JourneyHub\model\mapper\PassengerMapperImpl.class]
2025-04-12T01:12:46.150+03:00 DEBUG 27052 --- [JourneyHub] [           main] ssPathScanningCandidateComponentProvider : Identified candidate component class: file [C:\javaProjects\JourneyHub\target\classes\com\example\JourneyHub\model\mapper\RouteMapperImpl.class]
2025-04-12T01:12:46.150+03:00 DEBUG 27052 --- [JourneyHub] [           main] ssPathScanningCandidateComponentProvider : Identified candidate component class: file [C:\javaProjects\JourneyHub\target\classes\com\example\JourneyHub\model\mapper\TicketMapperImpl.class]
2025-04-12T01:12:46.150+03:00 DEBUG 27052 --- [JourneyHub] [           main] ssPathScanningCandidateComponentProvider : Identified candidate component class: file [C:\javaProjects\JourneyHub\target\classes\com\example\JourneyHub\model\mapper\UserMapperImpl.class]
2025-04-12T01:12:46.216+03:00  INFO 27052 --- [JourneyHub] [           main] .s.d.r.c.RepositoryConfigurationDelegate : Finished Spring Data repository scanning in 340 ms. Found 5 JPA repository interfaces.
2025-04-12T01:12:46.254+03:00  INFO 27052 --- [JourneyHub] [           main] .s.d.r.c.RepositoryConfigurationDelegate : Multiple Spring Data modules found, entering strict repository configuration mode
2025-04-12T01:12:46.255+03:00  INFO 27052 --- [JourneyHub] [           main] .s.d.r.c.RepositoryConfigurationDelegate : Bootstrapping Spring Data Redis repositories in DEFAULT mode.
2025-04-12T01:12:46.286+03:00 DEBUG 27052 --- [JourneyHub] [           main] .s.d.r.c.RepositoryConfigurationDelegate : Scanning for Redis repositories in packages com.example.JourneyHub.
2025-04-12T01:12:46.304+03:00 DEBUG 27052 --- [JourneyHub] [           main] o.s.d.r.c.RepositoryComponentProvider    : Identified candidate component class: file [C:\javaProjects\JourneyHub\target\classes\com\example\JourneyHub\repository\PassengerRepository.class]
2025-04-12T01:12:46.304+03:00 DEBUG 27052 --- [JourneyHub] [           main] o.s.d.r.c.RepositoryComponentProvider    : Identified candidate component class: file [C:\javaProjects\JourneyHub\target\classes\com\example\JourneyHub\repository\RouteRepository.class]
2025-04-12T01:12:46.305+03:00 DEBUG 27052 --- [JourneyHub] [           main] o.s.d.r.c.RepositoryComponentProvider    : Identified candidate component class: file [C:\javaProjects\JourneyHub\target\classes\com\example\JourneyHub\repository\TicketRepository.class]
2025-04-12T01:12:46.305+03:00 DEBUG 27052 --- [JourneyHub] [           main] o.s.d.r.c.RepositoryComponentProvider    : Identified candidate component class: file [C:\javaProjects\JourneyHub\target\classes\com\example\JourneyHub\repository\UserPassengerRepository.class]
2025-04-12T01:12:46.305+03:00 DEBUG 27052 --- [JourneyHub] [           main] o.s.d.r.c.RepositoryComponentProvider    : Identified candidate component class: file [C:\javaProjects\JourneyHub\target\classes\com\example\JourneyHub\repository\UserRepository.class]
2025-04-12T01:12:46.312+03:00  INFO 27052 --- [JourneyHub] [           main] .RepositoryConfigurationExtensionSupport : Spring Data Redis - Could not safely identify store assignment for repository candidate interface com.example.JourneyHub.repository.PassengerRepository; If you want this repository to be a Redis repository, consider annotating your entities with one of these annotations: org.springframework.data.redis.core.RedisHash (preferred), or consider extending one of the following types with your repository: org.springframework.data.keyvalue.repository.KeyValueRepository
2025-04-12T01:12:46.314+03:00  INFO 27052 --- [JourneyHub] [           main] .RepositoryConfigurationExtensionSupport : Spring Data Redis - Could not safely identify store assignment for repository candidate interface com.example.JourneyHub.repository.RouteRepository; If you want this repository to be a Redis repository, consider annotating your entities with one of these annotations: org.springframework.data.redis.core.RedisHash (preferred), or consider extending one of the following types with your repository: org.springframework.data.keyvalue.repository.KeyValueRepository
2025-04-12T01:12:46.327+03:00  INFO 27052 --- [JourneyHub] [           main] .RepositoryConfigurationExtensionSupport : Spring Data Redis - Could not safely identify store assignment for repository candidate interface com.example.JourneyHub.repository.TicketRepository; If you want this repository to be a Redis repository, consider annotating your entities with one of these annotations: org.springframework.data.redis.core.RedisHash (preferred), or consider extending one of the following types with your repository: org.springframework.data.keyvalue.repository.KeyValueRepository
2025-04-12T01:12:46.330+03:00  INFO 27052 --- [JourneyHub] [           main] .RepositoryConfigurationExtensionSupport : Spring Data Redis - Could not safely identify store assignment for repository candidate interface com.example.JourneyHub.repository.UserPassengerRepository; If you want this repository to be a Redis repository, consider annotating your entities with one of these annotations: org.springframework.data.redis.core.RedisHash (preferred), or consider extending one of the following types with your repository: org.springframework.data.keyvalue.repository.KeyValueRepository
2025-04-12T01:12:46.332+03:00  INFO 27052 --- [JourneyHub] [           main] .RepositoryConfigurationExtensionSupport : Spring Data Redis - Could not safely identify store assignment for repository candidate interface com.example.JourneyHub.repository.UserRepository; If you want this repository to be a Redis repository, consider annotating your entities with one of these annotations: org.springframework.data.redis.core.RedisHash (preferred), or consider extending one of the following types with your repository: org.springframework.data.keyvalue.repository.KeyValueRepository
2025-04-12T01:12:46.332+03:00  INFO 27052 --- [JourneyHub] [           main] .s.d.r.c.RepositoryConfigurationDelegate : Finished Spring Data repository scanning in 45 ms. Found 0 Redis repository interfaces.
2025-04-12T01:12:46.648+03:00 DEBUG 27052 --- [JourneyHub] [           main] o.s.b.f.s.DefaultListableBeanFactory     : Creating shared instance of singleton bean 'springSecurityHandlerMappingIntrospectorBeanDefinitionRegistryPostProcessor'
2025-04-12T01:12:46.894+03:00 DEBUG 27052 --- [JourneyHub] [           main] o.s.b.f.s.DefaultListableBeanFactory     : Creating shared instance of singleton bean 'propertySourcesPlaceholderConfigurer'
2025-04-12T01:12:46.902+03:00 DEBUG 27052 --- [JourneyHub] [           main] o.s.b.f.s.DefaultListableBeanFactory     : Creating shared instance of singleton bean 'org.springframework.boot.test.mock.mockito.MockitoPostProcessor'
2025-04-12T01:12:46.904+03:00 DEBUG 27052 --- [JourneyHub] [           main] o.s.b.f.s.DefaultListableBeanFactory     : Creating shared instance of singleton bean 'emBeanDefinitionRegistrarPostProcessor'
2025-04-12T01:12:46.905+03:00 DEBUG 27052 --- [JourneyHub] [           main] o.s.b.f.s.DefaultListableBeanFactory     : Creating shared instance of singleton bean 'org.springframework.boot.sql.init.dependency.DatabaseInitializationDependencyConfigurer$DependsOnDatabaseInitializationPostProcessor'
2025-04-12T01:12:47.033+03:00 DEBUG 27052 --- [JourneyHub] [           main] o.s.b.f.s.DefaultListableBeanFactory     : Creating shared instance of singleton bean 'org.springframework.context.event.internalEventListenerProcessor'
2025-04-12T01:12:47.048+03:00 DEBUG 27052 --- [JourneyHub] [           main] o.s.b.f.s.DefaultListableBeanFactory     : Creating shared instance of singleton bean 'conversionServicePostProcessor'
2025-04-12T01:12:47.060+03:00 DEBUG 27052 --- [JourneyHub] [           main] o.s.b.f.s.DefaultListableBeanFactory     : Creating shared instance of singleton bean 'preserveErrorControllerTargetClassPostProcessor'
2025-04-12T01:12:47.062+03:00 DEBUG 27052 --- [JourneyHub] [           main] o.s.b.f.s.DefaultListableBeanFactory     : Creating shared instance of singleton bean 'org.springframework.context.event.internalEventListenerFactory'
2025-04-12T01:12:47.062+03:00 DEBUG 27052 --- [JourneyHub] [           main] o.s.b.f.s.DefaultListableBeanFactory     : Creating shared instance of singleton bean 'org.springframework.transaction.config.internalTransactionalEventListenerFactory'
2025-04-12T01:12:47.111+03:00 DEBUG 27052 --- [JourneyHub] [           main] o.s.b.f.s.DefaultListableBeanFactory     : Creating shared instance of singleton bean 'org.springframework.boot.test.mock.mockito.MockitoPostProcessor$SpyPostProcessor'
2025-04-12T01:12:47.112+03:00 DEBUG 27052 --- [JourneyHub] [           main] o.s.b.f.s.DefaultListableBeanFactory     : Creating shared instance of singleton bean 'org.springframework.context.annotation.internalAutowiredAnnotationProcessor'
2025-04-12T01:12:47.121+03:00 DEBUG 27052 --- [JourneyHub] [           main] o.s.b.f.s.DefaultListableBeanFactory     : Creating shared instance of singleton bean 'org.springframework.context.annotation.internalCommonAnnotationProcessor'
2025-04-12T01:12:47.126+03:00 DEBUG 27052 --- [JourneyHub] [           main] o.s.b.f.s.DefaultListableBeanFactory     : Creating shared instance of singleton bean 'org.springframework.context.annotation.internalPersistenceAnnotationProcessor'
2025-04-12T01:12:47.129+03:00 DEBUG 27052 --- [JourneyHub] [           main] o.s.b.f.s.DefaultListableBeanFactory     : Creating shared instance of singleton bean 'org.springframework.boot.context.properties.ConfigurationPropertiesBindingPostProcessor'
2025-04-12T01:12:47.129+03:00 DEBUG 27052 --- [JourneyHub] [           main] o.s.b.f.s.DefaultListableBeanFactory     : Creating shared instance of singleton bean 'org.springframework.boot.context.internalConfigurationPropertiesBinder'
2025-04-12T01:12:47.132+03:00 DEBUG 27052 --- [JourneyHub] [           main] o.s.b.f.s.DefaultListableBeanFactory     : Creating shared instance of singleton bean 'jdbcConnectionDetailsHikariBeanPostProcessor'
2025-04-12T01:12:47.147+03:00 DEBUG 27052 --- [JourneyHub] [           main] o.s.b.f.s.DefaultListableBeanFactory     : Creating shared instance of singleton bean 'org.springframework.aop.config.internalAutoProxyCreator'
2025-04-12T01:12:47.185+03:00 DEBUG 27052 --- [JourneyHub] [           main] o.s.b.f.s.DefaultListableBeanFactory     : Creating shared instance of singleton bean 'methodValidationPostProcessor'
2025-04-12T01:12:47.188+03:00 DEBUG 27052 --- [JourneyHub] [           main] o.s.b.f.s.DefaultListableBeanFactory     : Autowiring by type from bean name 'methodValidationPostProcessor' via factory method to bean named 'environment'
2025-04-12T01:12:47.224+03:00 DEBUG 27052 --- [JourneyHub] [           main] o.s.b.f.s.DefaultListableBeanFactory     : Creating shared instance of singleton bean 'org.springframework.boot.context.properties.EnableConfigurationPropertiesRegistrar.methodValidationExcludeFilter'
2025-04-12T01:12:47.254+03:00 DEBUG 27052 --- [JourneyHub] [           main] o.s.b.f.s.DefaultListableBeanFactory     : Creating shared instance of singleton bean 'persistenceExceptionTranslationPostProcessor'
2025-04-12T01:12:47.255+03:00 DEBUG 27052 --- [JourneyHub] [           main] o.s.b.f.s.DefaultListableBeanFactory     : Autowiring by type from bean name 'persistenceExceptionTranslationPostProcessor' via factory method to bean named 'environment'
2025-04-12T01:12:47.259+03:00 DEBUG 27052 --- [JourneyHub] [           main] o.s.b.f.s.DefaultListableBeanFactory     : Creating shared instance of singleton bean 'webServerFactoryCustomizerBeanPostProcessor'
2025-04-12T01:12:47.262+03:00 DEBUG 27052 --- [JourneyHub] [           main] o.s.b.f.s.DefaultListableBeanFactory     : Creating shared instance of singleton bean 'errorPageRegistrarBeanPostProcessor'
2025-04-12T01:12:47.263+03:00 DEBUG 27052 --- [JourneyHub] [           main] o.s.b.f.s.DefaultListableBeanFactory     : Creating shared instance of singleton bean 'projectingArgumentResolverBeanPostProcessor'
2025-04-12T01:12:47.269+03:00 DEBUG 27052 --- [JourneyHub] [           main] o.s.b.f.s.DefaultListableBeanFactory     : Creating shared instance of singleton bean 'org.springframework.cache.config.internalCacheAdvisor'
2025-04-12T01:12:47.269+03:00 DEBUG 27052 --- [JourneyHub] [           main] o.s.b.f.s.DefaultListableBeanFactory     : Creating shared instance of singleton bean 'org.springframework.cache.annotation.ProxyCachingConfiguration'
2025-04-12T01:12:47.269+03:00 DEBUG 27052 --- [JourneyHub] [           main] o.s.b.f.s.DefaultListableBeanFactory     : Creating shared instance of singleton bean 'org.springframework.transaction.config.internalTransactionAdvisor'
2025-04-12T01:12:47.270+03:00 DEBUG 27052 --- [JourneyHub] [           main] o.s.b.f.s.DefaultListableBeanFactory     : Creating shared instance of singleton bean 'org.springframework.transaction.annotation.ProxyTransactionManagementConfiguration'
2025-04-12T01:12:47.298+03:00 DEBUG 27052 --- [JourneyHub] [           main] o.s.b.f.s.DefaultListableBeanFactory     : Creating shared instance of singleton bean 'transactionAttributeSource'
2025-04-12T01:12:47.311+03:00 DEBUG 27052 --- [JourneyHub] [           main] o.s.b.f.s.DefaultListableBeanFactory     : Creating shared instance of singleton bean 'transactionInterceptor'
2025-04-12T01:12:47.311+03:00 DEBUG 27052 --- [JourneyHub] [           main] o.s.b.f.s.DefaultListableBeanFactory     : Autowiring by type from bean name 'transactionInterceptor' via factory method to bean named 'transactionAttributeSource'
2025-04-12T01:12:47.371+03:00 DEBUG 27052 --- [JourneyHub] [           main] o.s.b.f.s.DefaultListableBeanFactory     : Autowiring by type from bean name 'org.springframework.transaction.config.internalTransactionAdvisor' via factory method to bean named 'transactionAttributeSource'
2025-04-12T01:12:47.371+03:00 DEBUG 27052 --- [JourneyHub] [           main] o.s.b.f.s.DefaultListableBeanFactory     : Autowiring by type from bean name 'org.springframework.transaction.config.internalTransactionAdvisor' via factory method to bean named 'transactionInterceptor'
2025-04-12T01:12:47.405+03:00 DEBUG 27052 --- [JourneyHub] [           main] o.s.b.f.s.DefaultListableBeanFactory     : Creating shared instance of singleton bean 'cacheOperationSource'
2025-04-12T01:12:47.414+03:00 DEBUG 27052 --- [JourneyHub] [           main] o.s.b.f.s.DefaultListableBeanFactory     : Creating shared instance of singleton bean 'cacheInterceptor'
2025-04-12T01:12:47.414+03:00 DEBUG 27052 --- [JourneyHub] [           main] o.s.b.f.s.DefaultListableBeanFactory     : Autowiring by type from bean name 'cacheInterceptor' via factory method to bean named 'cacheOperationSource'
2025-04-12T01:12:47.445+03:00 DEBUG 27052 --- [JourneyHub] [           main] o.s.b.f.s.DefaultListableBeanFactory     : Autowiring by type from bean name 'org.springframework.cache.config.internalCacheAdvisor' via factory method to bean named 'cacheOperationSource'
2025-04-12T01:12:47.446+03:00 DEBUG 27052 --- [JourneyHub] [           main] o.s.b.f.s.DefaultListableBeanFactory     : Autowiring by type from bean name 'org.springframework.cache.config.internalCacheAdvisor' via factory method to bean named 'cacheInterceptor'
2025-04-12T01:12:47.576+03:00 DEBUG 27052 --- [JourneyHub] [           main] o.s.u.c.s.UiApplicationContextUtils      : Unable to locate ThemeSource with name 'themeSource': using default [org.springframework.ui.context.support.ResourceBundleThemeSource@6aea99e7]
2025-04-12T01:12:47.578+03:00 DEBUG 27052 --- [JourneyHub] [           main] o.s.b.f.s.DefaultListableBeanFactory     : Creating shared instance of singleton bean 'org.springframework.test.context.support.internalDynamicPropertyRegistrarBeanInitializer'
2025-04-12T01:12:47.595+03:00 DEBUG 27052 --- [JourneyHub] [           main] o.s.b.f.s.DefaultListableBeanFactory     : Creating shared instance of singleton bean 'dataSourceScriptDatabaseInitializer'
2025-04-12T01:12:47.596+03:00 DEBUG 27052 --- [JourneyHub] [           main] o.s.b.f.s.DefaultListableBeanFactory     : Creating shared instance of singleton bean 'org.springframework.boot.autoconfigure.sql.init.DataSourceInitializationConfiguration'
2025-04-12T01:12:47.609+03:00 DEBUG 27052 --- [JourneyHub] [           main] o.s.b.f.s.DefaultListableBeanFactory     : Creating shared instance of singleton bean 'dataSource'
2025-04-12T01:12:47.610+03:00 DEBUG 27052 --- [JourneyHub] [           main] o.s.b.f.s.DefaultListableBeanFactory     : Creating shared instance of singleton bean 'org.springframework.boot.autoconfigure.jdbc.DataSourceConfiguration$Hikari'
2025-04-12T01:12:47.619+03:00 DEBUG 27052 --- [JourneyHub] [           main] o.s.b.f.s.DefaultListableBeanFactory     : Creating shared instance of singleton bean 'spring.datasource-org.springframework.boot.autoconfigure.jdbc.DataSourceProperties'
2025-04-12T01:12:47.625+03:00 DEBUG 27052 --- [JourneyHub] [           main] o.s.b.f.s.DefaultListableBeanFactory     : Creating shared instance of singleton bean 'org.springframework.boot.context.properties.BoundConfigurationProperties'
2025-04-12T01:12:47.669+03:00 DEBUG 27052 --- [JourneyHub] [           main] o.s.b.f.s.DefaultListableBeanFactory     : Creating shared instance of singleton bean 'jdbcConnectionDetails'
2025-04-12T01:12:47.670+03:00 DEBUG 27052 --- [JourneyHub] [           main] o.s.b.f.s.DefaultListableBeanFactory     : Creating shared instance of singleton bean 'org.springframework.boot.autoconfigure.jdbc.DataSourceAutoConfiguration$PooledDataSourceConfiguration'
2025-04-12T01:12:47.672+03:00 DEBUG 27052 --- [JourneyHub] [           main] o.s.b.f.s.DefaultListableBeanFactory     : Autowiring by type from bean name 'jdbcConnectionDetails' via factory method to bean named 'spring.datasource-org.springframework.boot.autoconfigure.jdbc.DataSourceProperties'
2025-04-12T01:12:47.675+03:00 DEBUG 27052 --- [JourneyHub] [           main] o.s.b.f.s.DefaultListableBeanFactory     : Autowiring by type from bean name 'dataSource' via factory method to bean named 'spring.datasource-org.springframework.boot.autoconfigure.jdbc.DataSourceProperties'
2025-04-12T01:12:47.675+03:00 DEBUG 27052 --- [JourneyHub] [           main] o.s.b.f.s.DefaultListableBeanFactory     : Autowiring by type from bean name 'dataSource' via factory method to bean named 'jdbcConnectionDetails'
2025-04-12T01:12:47.777+03:00 DEBUG 27052 --- [JourneyHub] [           main] o.s.b.f.s.DefaultListableBeanFactory     : Creating shared instance of singleton bean 'spring.sql.init-org.springframework.boot.autoconfigure.sql.init.SqlInitializationProperties'
2025-04-12T01:12:47.789+03:00 DEBUG 27052 --- [JourneyHub] [           main] o.s.b.f.s.DefaultListableBeanFactory     : Autowiring by type from bean name 'dataSourceScriptDatabaseInitializer' via factory method to bean named 'dataSource'
2025-04-12T01:12:47.789+03:00 DEBUG 27052 --- [JourneyHub] [           main] o.s.b.f.s.DefaultListableBeanFactory     : Autowiring by type from bean name 'dataSourceScriptDatabaseInitializer' via factory method to bean named 'spring.sql.init-org.springframework.boot.autoconfigure.sql.init.SqlInitializationProperties'
2025-04-12T01:12:47.821+03:00 DEBUG 27052 --- [JourneyHub] [           main] o.s.b.f.s.DefaultListableBeanFactory     : Creating shared instance of singleton bean 'entityManagerFactory'
2025-04-12T01:12:47.821+03:00 DEBUG 27052 --- [JourneyHub] [           main] o.s.b.f.s.DefaultListableBeanFactory     : Creating shared instance of singleton bean 'org.springframework.boot.autoconfigure.orm.jpa.HibernateJpaConfiguration'
2025-04-12T01:12:47.822+03:00 DEBUG 27052 --- [JourneyHub] [           main] o.s.b.f.s.DefaultListableBeanFactory     : Creating shared instance of singleton bean 'spring.jpa-org.springframework.boot.autoconfigure.orm.jpa.JpaProperties'
2025-04-12T01:12:47.839+03:00 DEBUG 27052 --- [JourneyHub] [           main] o.s.b.f.s.DefaultListableBeanFactory     : Creating shared instance of singleton bean 'spring.jpa.hibernate-org.springframework.boot.autoconfigure.orm.jpa.HibernateProperties'
2025-04-12T01:12:47.857+03:00 DEBUG 27052 --- [JourneyHub] [           main] o.s.b.f.s.DefaultListableBeanFactory     : Autowiring by type from bean name 'org.springframework.boot.autoconfigure.orm.jpa.HibernateJpaConfiguration' via constructor to bean named 'dataSource'
2025-04-12T01:12:47.859+03:00 DEBUG 27052 --- [JourneyHub] [           main] o.s.b.f.s.DefaultListableBeanFactory     : Autowiring by type from bean name 'org.springframework.boot.autoconfigure.orm.jpa.HibernateJpaConfiguration' via constructor to bean named 'spring.jpa-org.springframework.boot.autoconfigure.orm.jpa.JpaProperties'
2025-04-12T01:12:47.859+03:00 DEBUG 27052 --- [JourneyHub] [           main] o.s.b.f.s.DefaultListableBeanFactory     : Autowiring by type from bean name 'org.springframework.boot.autoconfigure.orm.jpa.HibernateJpaConfiguration' via constructor to bean named 'org.springframework.beans.factory.support.DefaultListableBeanFactory@1d4664d7'
2025-04-12T01:12:47.860+03:00 DEBUG 27052 --- [JourneyHub] [           main] o.s.b.f.s.DefaultListableBeanFactory     : Autowiring by type from bean name 'org.springframework.boot.autoconfigure.orm.jpa.HibernateJpaConfiguration' via constructor to bean named 'spring.jpa.hibernate-org.springframework.boot.autoconfigure.orm.jpa.HibernateProperties'
2025-04-12T01:12:47.877+03:00 DEBUG 27052 --- [JourneyHub] [           main] o.s.b.f.s.DefaultListableBeanFactory     : Creating shared instance of singleton bean 'hikariPoolDataSourceMetadataProvider'
2025-04-12T01:12:47.878+03:00 DEBUG 27052 --- [JourneyHub] [           main] o.s.b.f.s.DefaultListableBeanFactory     : Creating shared instance of singleton bean 'org.springframework.boot.autoconfigure.jdbc.metadata.DataSourcePoolMetadataProvidersConfiguration$HikariPoolDataSourceMetadataProviderConfiguration'
2025-04-12T01:12:47.888+03:00 DEBUG 27052 --- [JourneyHub] [           main] o.s.b.f.s.DefaultListableBeanFactory     : Creating shared instance of singleton bean 'entityManagerFactoryBuilder'
2025-04-12T01:12:47.889+03:00 DEBUG 27052 --- [JourneyHub] [           main] o.s.b.f.s.DefaultListableBeanFactory     : Creating shared instance of singleton bean 'jpaVendorAdapter'
2025-04-12T01:12:47.924+03:00 DEBUG 27052 --- [JourneyHub] [           main] o.s.b.f.s.DefaultListableBeanFactory     : Autowiring by type from bean name 'entityManagerFactoryBuilder' via factory method to bean named 'jpaVendorAdapter'
2025-04-12T01:12:47.943+03:00 DEBUG 27052 --- [JourneyHub] [           main] o.s.b.f.s.DefaultListableBeanFactory     : Creating shared instance of singleton bean 'persistenceManagedTypes'
2025-04-12T01:12:47.945+03:00 DEBUG 27052 --- [JourneyHub] [           main] o.s.b.f.s.DefaultListableBeanFactory     : Autowiring by type from bean name 'persistenceManagedTypes' via factory method to bean named 'org.springframework.beans.factory.support.DefaultListableBeanFactory@1d4664d7'
2025-04-12T01:12:47.945+03:00 DEBUG 27052 --- [JourneyHub] [           main] o.s.b.f.s.DefaultListableBeanFactory     : Autowiring by type from bean name 'persistenceManagedTypes' via factory method to bean named 'org.springframework.web.context.support.GenericWebApplicationContext@219f4597'
2025-04-12T01:12:47.978+03:00 DEBUG 27052 --- [JourneyHub] [           main] o.s.b.f.s.DefaultListableBeanFactory     : Autowiring by type from bean name 'entityManagerFactory' via factory method to bean named 'entityManagerFactoryBuilder'
2025-04-12T01:12:47.979+03:00 DEBUG 27052 --- [JourneyHub] [           main] o.s.b.f.s.DefaultListableBeanFactory     : Autowiring by type from bean name 'entityManagerFactory' via factory method to bean named 'persistenceManagedTypes'
2025-04-12T01:12:47.996+03:00 DEBUG 27052 --- [JourneyHub] [           main] j.LocalContainerEntityManagerFactoryBean : Building JPA container EntityManagerFactory for persistence unit 'default'
2025-04-12T01:12:48.063+03:00  INFO 27052 --- [JourneyHub] [           main] o.hibernate.jpa.internal.util.LogHelper  : HHH000204: Processing PersistenceUnitInfo [name: default]
2025-04-12T01:12:48.192+03:00  INFO 27052 --- [JourneyHub] [           main] org.hibernate.Version                    : HHH000412: Hibernate ORM core version 6.6.8.Final
2025-04-12T01:12:48.429+03:00  INFO 27052 --- [JourneyHub] [           main] o.h.c.internal.RegionFactoryInitiator    : HHH000026: Second-level cache disabled
2025-04-12T01:12:48.670+03:00  INFO 27052 --- [JourneyHub] [           main] com.zaxxer.hikari.HikariDataSource       : HikariPool-1 - Starting...
2025-04-12T01:12:48.967+03:00  INFO 27052 --- [JourneyHub] [           main] com.zaxxer.hikari.pool.HikariPool        : HikariPool-1 - Added connection org.postgresql.jdbc.PgConnection@6f6c8d45
2025-04-12T01:12:48.969+03:00  INFO 27052 --- [JourneyHub] [           main] com.zaxxer.hikari.HikariDataSource       : HikariPool-1 - Start completed.
2025-04-12T01:12:49.046+03:00  WARN 27052 --- [JourneyHub] [           main] org.hibernate.orm.deprecation            : HHH90000025: PostgreSQLDialect does not need to be specified explicitly using 'hibernate.dialect' (remove the property setting and it will be selected by default)
2025-04-12T01:12:49.082+03:00  INFO 27052 --- [JourneyHub] [           main] org.hibernate.orm.connections.pooling    : HHH10001005: Database info:
	Database JDBC URL [Connecting through datasource 'HikariDataSource (HikariPool-1)']
	Database driver: undefined/unknown
	Database version: 17.1
	Autocommit mode: undefined/unknown
	Isolation level: undefined/unknown
	Minimum pool size: undefined/unknown
	Maximum pool size: undefined/unknown
2025-04-12T01:12:49.656+03:00  INFO 27052 --- [JourneyHub] [           main] o.s.o.j.p.SpringPersistenceUnitInfo      : No LoadTimeWeaver setup: ignoring JPA class transformer
2025-04-12T01:12:51.388+03:00  INFO 27052 --- [JourneyHub] [           main] o.h.e.t.j.p.i.JtaPlatformInitiator       : HHH000489: No JTA platform available (set 'hibernate.transaction.jta.platform' to enable JTA platform integration)
2025-04-12T01:12:51.543+03:00  INFO 27052 --- [JourneyHub] [           main] j.LocalContainerEntityManagerFactoryBean : Initialized JPA EntityManagerFactory for persistence unit 'default'
2025-04-12T01:12:51.550+03:00 DEBUG 27052 --- [JourneyHub] [           main] o.s.b.f.s.DefaultListableBeanFactory     : Creating shared instance of singleton bean 'journeyHubApplication'
2025-04-12T01:12:51.553+03:00 DEBUG 27052 --- [JourneyHub] [           main] o.s.b.f.s.DefaultListableBeanFactory     : Creating shared instance of singleton bean 'cacheConfig'
2025-04-12T01:12:51.554+03:00 DEBUG 27052 --- [JourneyHub] [           main] o.s.b.f.s.DefaultListableBeanFactory     : Creating shared instance of singleton bean 'jacksonConfig'
2025-04-12T01:12:51.556+03:00 DEBUG 27052 --- [JourneyHub] [           main] o.s.b.f.s.DefaultListableBeanFactory     : Creating shared instance of singleton bean 'redisConfig'
2025-04-12T01:12:51.558+03:00 DEBUG 27052 --- [JourneyHub] [           main] o.s.b.f.s.DefaultListableBeanFactory     : Creating shared instance of singleton bean 'securityConfig'
2025-04-12T01:12:51.560+03:00 DEBUG 27052 --- [JourneyHub] [           main] o.s.b.f.s.DefaultListableBeanFactory     : Creating shared instance of singleton bean 'jwtAuthenticationFilter'
2025-04-12T01:12:51.562+03:00 DEBUG 27052 --- [JourneyHub] [           main] o.s.b.f.s.DefaultListableBeanFactory     : Creating shared instance of singleton bean 'customUserDetailsService'
2025-04-12T01:12:51.563+03:00 DEBUG 27052 --- [JourneyHub] [           main] o.s.b.f.s.DefaultListableBeanFactory     : Creating shared instance of singleton bean 'userRepository'
2025-04-12T01:12:51.574+03:00 DEBUG 27052 --- [JourneyHub] [           main] o.s.b.f.s.DefaultListableBeanFactory     : Creating shared instance of singleton bean 'jpa.named-queries#3'
2025-04-12T01:12:51.578+03:00 DEBUG 27052 --- [JourneyHub] [           main] o.s.b.f.s.DefaultListableBeanFactory     : Creating shared instance of singleton bean 'jpa.UserRepository.fragments#0'
2025-04-12T01:12:51.585+03:00 DEBUG 27052 --- [JourneyHub] [           main] o.s.b.f.s.DefaultListableBeanFactory     : Creating shared instance of singleton bean 'jpaSharedEM_entityManagerFactory'
2025-04-12T01:12:51.629+03:00 DEBUG 27052 --- [JourneyHub] [           main] o.s.b.f.s.DefaultListableBeanFactory     : Creating shared instance of singleton bean 'jpaMappingContext'
2025-04-12T01:12:51.630+03:00 DEBUG 27052 --- [JourneyHub] [           main] .c.JpaMetamodelMappingContextFactoryBean : Initializing JpaMetamodelMappingContext…
2025-04-12T01:12:51.646+03:00 DEBUG 27052 --- [JourneyHub] [           main] .c.JpaMetamodelMappingContextFactoryBean : Finished initializing JpaMetamodelMappingContext
2025-04-12T01:12:51.717+03:00 DEBUG 27052 --- [JourneyHub] [           main] tor$SharedEntityManagerInvocationHandler : Creating new EntityManager for shared EntityManager invocation
2025-04-12T01:12:51.785+03:00 DEBUG 27052 --- [JourneyHub] [           main] tor$SharedEntityManagerInvocationHandler : Creating new EntityManager for shared EntityManager invocation
2025-04-12T01:12:51.861+03:00 DEBUG 27052 --- [JourneyHub] [           main] o.s.d.r.c.s.RepositoryFactorySupport     : Initializing repository instance for com.example.JourneyHub.repository.UserRepository…
2025-04-12T01:12:51.883+03:00 DEBUG 27052 --- [JourneyHub] [           main] tor$SharedEntityManagerInvocationHandler : Creating new EntityManager for shared EntityManager invocation
2025-04-12T01:12:51.948+03:00 DEBUG 27052 --- [JourneyHub] [           main] o.s.d.jpa.repository.query.NamedQuery    : Looking up named query 'User.findByEmail'
2025-04-12T01:12:51.951+03:00 DEBUG 27052 --- [JourneyHub] [           main] o.s.d.jpa.repository.query.NamedQuery    : Did not find named query User.findByEmail
2025-04-12T01:12:51.954+03:00 DEBUG 27052 --- [JourneyHub] [           main] tor$SharedEntityManagerInvocationHandler : Creating new EntityManager for shared EntityManager invocation
2025-04-12T01:12:52.035+03:00 DEBUG 27052 --- [JourneyHub] [           main] o.s.d.r.c.s.RepositoryFactorySupport     : Finished creation of repository instance for com.example.JourneyHub.repository.UserRepository.
2025-04-12T01:12:52.047+03:00 DEBUG 27052 --- [JourneyHub] [           main] o.s.b.f.s.DefaultListableBeanFactory     : Autowiring by type from bean name 'customUserDetailsService' via constructor to bean named 'userRepository'
2025-04-12T01:12:52.048+03:00 DEBUG 27052 --- [JourneyHub] [           main] o.s.b.f.s.DefaultListableBeanFactory     : Autowiring by type from bean name 'jwtAuthenticationFilter' via constructor to bean named 'customUserDetailsService'
2025-04-12T01:12:52.109+03:00 DEBUG 27052 --- [JourneyHub] [           main] o.s.c.e.PropertySourcesPropertyResolver  : Found key 'jwt.secret.key' in PropertySource 'environmentProperties' with value of type String
2025-04-12T01:12:52.113+03:00 DEBUG 27052 --- [JourneyHub] [           main] o.s.b.f.s.DefaultListableBeanFactory     : Autowiring by type from bean name 'securityConfig' via constructor to bean named 'jwtAuthenticationFilter'
2025-04-12T01:12:52.114+03:00 DEBUG 27052 --- [JourneyHub] [           main] o.s.b.f.s.DefaultListableBeanFactory     : Creating shared instance of singleton bean 'authController'
2025-04-12T01:12:52.121+03:00 DEBUG 27052 --- [JourneyHub] [           main] o.s.b.f.s.DefaultListableBeanFactory     : Creating shared instance of singleton bean 'authenticationManager'
2025-04-12T01:12:52.122+03:00 DEBUG 27052 --- [JourneyHub] [           main] o.s.b.f.s.DefaultListableBeanFactory     : Creating shared instance of singleton bean 'org.springframework.security.config.annotation.authentication.configuration.AuthenticationConfiguration'
2025-04-12T01:12:52.126+03:00 DEBUG 27052 --- [JourneyHub] [           main] o.s.b.f.s.DefaultListableBeanFactory     : Creating shared instance of singleton bean 'enableGlobalAuthenticationAutowiredConfigurer'
2025-04-12T01:12:52.127+03:00 DEBUG 27052 --- [JourneyHub] [           main] o.s.b.f.s.DefaultListableBeanFactory     : Autowiring by type from bean name 'enableGlobalAuthenticationAutowiredConfigurer' via factory method to bean named 'org.springframework.web.context.support.GenericWebApplicationContext@219f4597'
2025-04-12T01:12:52.129+03:00 DEBUG 27052 --- [JourneyHub] [           main] o.s.b.f.s.DefaultListableBeanFactory     : Creating shared instance of singleton bean 'initializeUserDetailsBeanManagerConfigurer'
2025-04-12T01:12:52.129+03:00 DEBUG 27052 --- [JourneyHub] [           main] o.s.b.f.s.DefaultListableBeanFactory     : Autowiring by type from bean name 'initializeUserDetailsBeanManagerConfigurer' via factory method to bean named 'org.springframework.web.context.support.GenericWebApplicationContext@219f4597'
2025-04-12T01:12:52.131+03:00 DEBUG 27052 --- [JourneyHub] [           main] o.s.b.f.s.DefaultListableBeanFactory     : Creating shared instance of singleton bean 'initializeAuthenticationProviderBeanManagerConfigurer'
2025-04-12T01:12:52.131+03:00 DEBUG 27052 --- [JourneyHub] [           main] o.s.b.f.s.DefaultListableBeanFactory     : Autowiring by type from bean name 'initializeAuthenticationProviderBeanManagerConfigurer' via factory method to bean named 'org.springframework.web.context.support.GenericWebApplicationContext@219f4597'
2025-04-12T01:12:52.133+03:00 DEBUG 27052 --- [JourneyHub] [           main] o.s.b.f.s.DefaultListableBeanFactory     : Creating shared instance of singleton bean 'objectPostProcessor'
2025-04-12T01:12:52.133+03:00 DEBUG 27052 --- [JourneyHub] [           main] o.s.b.f.s.DefaultListableBeanFactory     : Creating shared instance of singleton bean 'org.springframework.security.config.annotation.configuration.ObjectPostProcessorConfiguration'
2025-04-12T01:12:52.135+03:00 DEBUG 27052 --- [JourneyHub] [           main] o.s.b.f.s.DefaultListableBeanFactory     : Autowiring by type from bean name 'objectPostProcessor' via factory method to bean named 'org.springframework.beans.factory.support.DefaultListableBeanFactory@1d4664d7'
2025-04-12T01:12:52.138+03:00 DEBUG 27052 --- [JourneyHub] [           main] o.s.b.f.s.DefaultListableBeanFactory     : Autowiring by type from bean name 'authenticationManager' via factory method to bean named 'org.springframework.security.config.annotation.authentication.configuration.AuthenticationConfiguration'
2025-04-12T01:12:52.139+03:00 DEBUG 27052 --- [JourneyHub] [           main] o.s.b.f.s.DefaultListableBeanFactory     : Creating shared instance of singleton bean 'authenticationManagerBuilder'
2025-04-12T01:12:52.141+03:00 DEBUG 27052 --- [JourneyHub] [           main] o.s.b.f.s.DefaultListableBeanFactory     : Autowiring by type from bean name 'authenticationManagerBuilder' via factory method to bean named 'objectPostProcessor'
2025-04-12T01:12:52.142+03:00 DEBUG 27052 --- [JourneyHub] [           main] o.s.b.f.s.DefaultListableBeanFactory     : Autowiring by type from bean name 'authenticationManagerBuilder' via factory method to bean named 'org.springframework.web.context.support.GenericWebApplicationContext@219f4597'
2025-04-12T01:12:52.144+03:00 DEBUG 27052 --- [JourneyHub] [           main] o.s.b.f.s.DefaultListableBeanFactory     : Creating shared instance of singleton bean 'authenticationEventPublisher'
2025-04-12T01:12:52.144+03:00 DEBUG 27052 --- [JourneyHub] [           main] o.s.b.f.s.DefaultListableBeanFactory     : Creating shared instance of singleton bean 'org.springframework.boot.autoconfigure.security.servlet.SecurityAutoConfiguration'
2025-04-12T01:12:52.148+03:00 DEBUG 27052 --- [JourneyHub] [           main] o.s.b.f.s.DefaultListableBeanFactory     : Autowiring by type from bean name 'authenticationEventPublisher' via factory method to bean named 'org.springframework.web.context.support.GenericWebApplicationContext@219f4597'
2025-04-12T01:12:52.170+03:00 DEBUG 27052 --- [JourneyHub] [           main] o.s.b.f.s.DefaultListableBeanFactory     : Creating shared instance of singleton bean 'passwordEncoder'
2025-04-12T01:12:52.185+03:00  INFO 27052 --- [JourneyHub] [           main] r$InitializeUserDetailsManagerConfigurer : Global AuthenticationManager configured with UserDetailsService bean with name customUserDetailsService
2025-04-12T01:12:52.188+03:00 DEBUG 27052 --- [JourneyHub] [           main] o.s.b.f.s.DefaultListableBeanFactory     : Creating shared instance of singleton bean 'userService'
2025-04-12T01:12:52.190+03:00 DEBUG 27052 --- [JourneyHub] [           main] o.s.b.f.s.DefaultListableBeanFactory     : Creating shared instance of singleton bean 'userMapperImpl'
2025-04-12T01:12:52.192+03:00 DEBUG 27052 --- [JourneyHub] [           main] o.s.b.f.s.DefaultListableBeanFactory     : Autowiring by type from bean name 'userService' via constructor to bean named 'userRepository'
2025-04-12T01:12:52.193+03:00 DEBUG 27052 --- [JourneyHub] [           main] o.s.b.f.s.DefaultListableBeanFactory     : Autowiring by type from bean name 'userService' via constructor to bean named 'userMapperImpl'
2025-04-12T01:12:52.194+03:00 DEBUG 27052 --- [JourneyHub] [           main] o.s.b.f.s.DefaultListableBeanFactory     : Autowiring by type from bean name 'userService' via constructor to bean named 'passwordEncoder'
2025-04-12T01:12:52.195+03:00 DEBUG 27052 --- [JourneyHub] [           main] o.s.b.f.s.DefaultListableBeanFactory     : Creating shared instance of singleton bean 'jwtUtil'
2025-04-12T01:12:52.198+03:00 DEBUG 27052 --- [JourneyHub] [           main] o.s.c.e.PropertySourcesPropertyResolver  : Found key 'jwt.secret.key' in PropertySource 'environmentProperties' with value of type String
2025-04-12T01:12:52.199+03:00 DEBUG 27052 --- [JourneyHub] [           main] o.s.b.f.s.DefaultListableBeanFactory     : Autowiring by type from bean name 'authController' via constructor to bean named 'authenticationManager'
2025-04-12T01:12:52.200+03:00 DEBUG 27052 --- [JourneyHub] [           main] o.s.b.f.s.DefaultListableBeanFactory     : Autowiring by type from bean name 'authController' via constructor to bean named 'userService'
2025-04-12T01:12:52.200+03:00 DEBUG 27052 --- [JourneyHub] [           main] o.s.b.f.s.DefaultListableBeanFactory     : Autowiring by type from bean name 'authController' via constructor to bean named 'jwtUtil'
2025-04-12T01:12:52.201+03:00 DEBUG 27052 --- [JourneyHub] [           main] o.s.b.f.s.DefaultListableBeanFactory     : Creating shared instance of singleton bean 'passengerController'
2025-04-12T01:12:52.205+03:00 DEBUG 27052 --- [JourneyHub] [           main] o.s.b.f.s.DefaultListableBeanFactory     : Creating shared instance of singleton bean 'passengerService'
2025-04-12T01:12:52.208+03:00 DEBUG 27052 --- [JourneyHub] [           main] o.s.b.f.s.DefaultListableBeanFactory     : Creating shared instance of singleton bean 'passengerRepository'
2025-04-12T01:12:52.210+03:00 DEBUG 27052 --- [JourneyHub] [           main] o.s.b.f.s.DefaultListableBeanFactory     : Creating shared instance of singleton bean 'jpa.named-queries#0'
2025-04-12T01:12:52.214+03:00 DEBUG 27052 --- [JourneyHub] [           main] o.s.b.f.s.DefaultListableBeanFactory     : Creating shared instance of singleton bean 'jpa.PassengerRepository.fragments#0'
2025-04-12T01:12:52.216+03:00 DEBUG 27052 --- [JourneyHub] [           main] tor$SharedEntityManagerInvocationHandler : Creating new EntityManager for shared EntityManager invocation
2025-04-12T01:12:52.216+03:00 DEBUG 27052 --- [JourneyHub] [           main] o.s.d.r.c.s.RepositoryFactorySupport     : Initializing repository instance for com.example.JourneyHub.repository.PassengerRepository…
2025-04-12T01:12:52.217+03:00 DEBUG 27052 --- [JourneyHub] [           main] tor$SharedEntityManagerInvocationHandler : Creating new EntityManager for shared EntityManager invocation
2025-04-12T01:12:52.220+03:00 DEBUG 27052 --- [JourneyHub] [           main] o.s.d.jpa.repository.query.NamedQuery    : Looking up named query 'Passenger.findByPassportSeriesAndPassportNumber'
2025-04-12T01:12:52.221+03:00 DEBUG 27052 --- [JourneyHub] [           main] o.s.d.jpa.repository.query.NamedQuery    : Did not find named query Passenger.findByPassportSeriesAndPassportNumber
2025-04-12T01:12:52.221+03:00 DEBUG 27052 --- [JourneyHub] [           main] tor$SharedEntityManagerInvocationHandler : Creating new EntityManager for shared EntityManager invocation
2025-04-12T01:12:52.228+03:00 DEBUG 27052 --- [JourneyHub] [           main] o.s.d.r.c.s.RepositoryFactorySupport     : Finished creation of repository instance for com.example.JourneyHub.repository.PassengerRepository.
2025-04-12T01:12:52.232+03:00 DEBUG 27052 --- [JourneyHub] [           main] o.s.b.f.s.DefaultListableBeanFactory     : Creating shared instance of singleton bean 'userPassengerRepository'
2025-04-12T01:12:52.234+03:00 DEBUG 27052 --- [JourneyHub] [           main] o.s.b.f.s.DefaultListableBeanFactory     : Creating shared instance of singleton bean 'jpa.named-queries#1'
2025-04-12T01:12:52.236+03:00 DEBUG 27052 --- [JourneyHub] [           main] o.s.b.f.s.DefaultListableBeanFactory     : Creating shared instance of singleton bean 'jpa.UserPassengerRepository.fragments#0'
2025-04-12T01:12:52.238+03:00 DEBUG 27052 --- [JourneyHub] [           main] tor$SharedEntityManagerInvocationHandler : Creating new EntityManager for shared EntityManager invocation
2025-04-12T01:12:52.239+03:00 DEBUG 27052 --- [JourneyHub] [           main] o.s.d.r.c.s.RepositoryFactorySupport     : Initializing repository instance for com.example.JourneyHub.repository.UserPassengerRepository…
2025-04-12T01:12:52.240+03:00 DEBUG 27052 --- [JourneyHub] [           main] tor$SharedEntityManagerInvocationHandler : Creating new EntityManager for shared EntityManager invocation
2025-04-12T01:12:52.246+03:00 DEBUG 27052 --- [JourneyHub] [           main] o.s.d.r.c.s.RepositoryFactorySupport     : Finished creation of repository instance for com.example.JourneyHub.repository.UserPassengerRepository.
2025-04-12T01:12:52.253+03:00 DEBUG 27052 --- [JourneyHub] [           main] o.s.b.f.s.DefaultListableBeanFactory     : Creating shared instance of singleton bean 'passengerMapperImpl'
2025-04-12T01:12:52.254+03:00 DEBUG 27052 --- [JourneyHub] [           main] o.s.b.f.s.DefaultListableBeanFactory     : Autowiring by type from bean name 'passengerService' via constructor to bean named 'passengerRepository'
2025-04-12T01:12:52.254+03:00 DEBUG 27052 --- [JourneyHub] [           main] o.s.b.f.s.DefaultListableBeanFactory     : Autowiring by type from bean name 'passengerService' via constructor to bean named 'userRepository'
2025-04-12T01:12:52.254+03:00 DEBUG 27052 --- [JourneyHub] [           main] o.s.b.f.s.DefaultListableBeanFactory     : Autowiring by type from bean name 'passengerService' via constructor to bean named 'userPassengerRepository'
2025-04-12T01:12:52.254+03:00 DEBUG 27052 --- [JourneyHub] [           main] o.s.b.f.s.DefaultListableBeanFactory     : Autowiring by type from bean name 'passengerService' via constructor to bean named 'passengerMapperImpl'
2025-04-12T01:12:52.258+03:00 DEBUG 27052 --- [JourneyHub] [           main] o.s.b.f.s.DefaultListableBeanFactory     : Creating shared instance of singleton bean 'ticketService'
2025-04-12T01:12:52.261+03:00 DEBUG 27052 --- [JourneyHub] [           main] o.s.b.f.s.DefaultListableBeanFactory     : Creating shared instance of singleton bean 'ticketRepository'
2025-04-12T01:12:52.262+03:00 DEBUG 27052 --- [JourneyHub] [           main] o.s.b.f.s.DefaultListableBeanFactory     : Creating shared instance of singleton bean 'jpa.named-queries#2'
2025-04-12T01:12:52.264+03:00 DEBUG 27052 --- [JourneyHub] [           main] o.s.b.f.s.DefaultListableBeanFactory     : Creating shared instance of singleton bean 'jpa.TicketRepository.fragments#0'
2025-04-12T01:12:52.266+03:00 DEBUG 27052 --- [JourneyHub] [           main] tor$SharedEntityManagerInvocationHandler : Creating new EntityManager for shared EntityManager invocation
2025-04-12T01:12:52.280+03:00 DEBUG 27052 --- [JourneyHub] [           main] o.s.d.r.c.s.RepositoryFactorySupport     : Initializing repository instance for com.example.JourneyHub.repository.TicketRepository…
2025-04-12T01:12:52.282+03:00 DEBUG 27052 --- [JourneyHub] [           main] tor$SharedEntityManagerInvocationHandler : Creating new EntityManager for shared EntityManager invocation
2025-04-12T01:12:52.290+03:00 DEBUG 27052 --- [JourneyHub] [           main] o.s.d.jpa.repository.query.NamedQuery    : Did not find named query Ticket.findByRoute_IdIn.count
2025-04-12T01:12:52.292+03:00 DEBUG 27052 --- [JourneyHub] [           main] tor$SharedEntityManagerInvocationHandler : Creating new EntityManager for shared EntityManager invocation
2025-04-12T01:12:52.309+03:00  INFO 27052 --- [JourneyHub] [           main] o.s.d.j.r.query.QueryEnhancerFactory     : Hibernate is in classpath; If applicable, HQL parser will be used.
2025-04-12T01:12:52.965+03:00 DEBUG 27052 --- [JourneyHub] [           main] o.s.d.jpa.repository.query.NamedQuery    : Did not find named query Ticket.findTicketsWithRouteByUserId.count
2025-04-12T01:12:52.966+03:00 DEBUG 27052 --- [JourneyHub] [           main] tor$SharedEntityManagerInvocationHandler : Creating new EntityManager for shared EntityManager invocation
2025-04-12T01:12:53.244+03:00 DEBUG 27052 --- [JourneyHub] [           main] o.s.d.jpa.repository.query.NamedQuery    : Did not find named query Ticket.findTicketsWithRouteByPassengerId.count
2025-04-12T01:12:53.244+03:00 DEBUG 27052 --- [JourneyHub] [           main] tor$SharedEntityManagerInvocationHandler : Creating new EntityManager for shared EntityManager invocation
2025-04-12T01:12:53.249+03:00 DEBUG 27052 --- [JourneyHub] [           main] o.s.d.jpa.repository.query.NamedQuery    : Did not find named query Ticket.existsAvailableByRouteId.count
2025-04-12T01:12:53.249+03:00 DEBUG 27052 --- [JourneyHub] [           main] tor$SharedEntityManagerInvocationHandler : Creating new EntityManager for shared EntityManager invocation
2025-04-12T01:12:53.253+03:00 DEBUG 27052 --- [JourneyHub] [           main] o.s.d.r.c.s.RepositoryFactorySupport     : Finished creation of repository instance for com.example.JourneyHub.repository.TicketRepository.
2025-04-12T01:12:53.259+03:00 DEBUG 27052 --- [JourneyHub] [           main] o.s.b.f.s.DefaultListableBeanFactory     : Creating shared instance of singleton bean 'ticketMapperImpl'
2025-04-12T01:12:53.264+03:00 DEBUG 27052 --- [JourneyHub] [           main] o.s.b.f.s.DefaultListableBeanFactory     : Creating shared instance of singleton bean 'routeRepository'
2025-04-12T01:12:53.265+03:00 DEBUG 27052 --- [JourneyHub] [           main] o.s.b.f.s.DefaultListableBeanFactory     : Creating shared instance of singleton bean 'jpa.named-queries#4'
2025-04-12T01:12:53.267+03:00 DEBUG 27052 --- [JourneyHub] [           main] o.s.b.f.s.DefaultListableBeanFactory     : Creating shared instance of singleton bean 'jpa.RouteRepository.fragments#0'
2025-04-12T01:12:53.269+03:00 DEBUG 27052 --- [JourneyHub] [           main] tor$SharedEntityManagerInvocationHandler : Creating new EntityManager for shared EntityManager invocation
2025-04-12T01:12:53.269+03:00 DEBUG 27052 --- [JourneyHub] [           main] o.s.d.r.c.s.RepositoryFactorySupport     : Initializing repository instance for com.example.JourneyHub.repository.RouteRepository…
2025-04-12T01:12:53.270+03:00 DEBUG 27052 --- [JourneyHub] [           main] tor$SharedEntityManagerInvocationHandler : Creating new EntityManager for shared EntityManager invocation
2025-04-12T01:12:53.274+03:00 DEBUG 27052 --- [JourneyHub] [           main] o.s.d.jpa.repository.query.NamedQuery    : Did not find named query Route.streamRoutesInTimeRange.count
2025-04-12T01:12:53.274+03:00 DEBUG 27052 --- [JourneyHub] [           main] tor$SharedEntityManagerInvocationHandler : Creating new EntityManager for shared EntityManager invocation
2025-04-12T01:12:53.279+03:00 DEBUG 27052 --- [JourneyHub] [           main] o.s.d.jpa.repository.query.NamedQuery    : Did not find named query Route.findDirectRoutesWithSort.count
2025-04-12T01:12:53.279+03:00 DEBUG 27052 --- [JourneyHub] [           main] tor$SharedEntityManagerInvocationHandler : Creating new EntityManager for shared EntityManager invocation
2025-04-12T01:12:53.288+03:00 DEBUG 27052 --- [JourneyHub] [           main] o.s.d.r.c.s.RepositoryFactorySupport     : Finished creation of repository instance for com.example.JourneyHub.repository.RouteRepository.
2025-04-12T01:12:53.297+03:00 DEBUG 27052 --- [JourneyHub] [           main] o.s.b.f.s.DefaultListableBeanFactory     : Autowiring by type from bean name 'ticketService' via constructor to bean named 'ticketRepository'
2025-04-12T01:12:53.297+03:00 DEBUG 27052 --- [JourneyHub] [           main] o.s.b.f.s.DefaultListableBeanFactory     : Autowiring by type from bean name 'ticketService' via constructor to bean named 'ticketMapperImpl'
2025-04-12T01:12:53.297+03:00 DEBUG 27052 --- [JourneyHub] [           main] o.s.b.f.s.DefaultListableBeanFactory     : Autowiring by type from bean name 'ticketService' via constructor to bean named 'userRepository'
2025-04-12T01:12:53.297+03:00 DEBUG 27052 --- [JourneyHub] [           main] o.s.b.f.s.DefaultListableBeanFactory     : Autowiring by type from bean name 'ticketService' via constructor to bean named 'passengerRepository'
2025-04-12T01:12:53.297+03:00 DEBUG 27052 --- [JourneyHub] [           main] o.s.b.f.s.DefaultListableBeanFactory     : Autowiring by type from bean name 'ticketService' via constructor to bean named 'routeRepository'
2025-04-12T01:12:53.297+03:00 DEBUG 27052 --- [JourneyHub] [           main] o.s.b.f.s.DefaultListableBeanFactory     : Autowiring by type from bean name 'ticketService' via constructor to bean named 'org.springframework.web.context.support.GenericWebApplicationContext@219f4597'
2025-04-12T01:12:53.340+03:00 DEBUG 27052 --- [JourneyHub] [           main] o.s.b.f.s.DefaultListableBeanFactory     : Autowiring by type from bean name 'passengerController' via constructor to bean named 'passengerService'
2025-04-12T01:12:53.340+03:00 DEBUG 27052 --- [JourneyHub] [           main] o.s.b.f.s.DefaultListableBeanFactory     : Autowiring by type from bean name 'passengerController' via constructor to bean named 'ticketService'
2025-04-12T01:12:53.343+03:00 DEBUG 27052 --- [JourneyHub] [           main] o.s.b.f.s.DefaultListableBeanFactory     : Creating shared instance of singleton bean 'routeController'
2025-04-12T01:12:53.345+03:00 DEBUG 27052 --- [JourneyHub] [           main] o.s.b.f.s.DefaultListableBeanFactory     : Creating shared instance of singleton bean 'routeService'
2025-04-12T01:12:53.349+03:00 DEBUG 27052 --- [JourneyHub] [           main] o.s.b.f.s.DefaultListableBeanFactory     : Creating shared instance of singleton bean 'routeMapperImpl'
2025-04-12T01:12:53.350+03:00 DEBUG 27052 --- [JourneyHub] [           main] o.s.b.f.s.DefaultListableBeanFactory     : Creating shared instance of singleton bean 'objectMapper'
2025-04-12T01:12:53.368+03:00 DEBUG 27052 --- [JourneyHub] [           main] o.s.b.f.s.DefaultListableBeanFactory     : Creating shared instance of singleton bean 'redisTemplate'
2025-04-12T01:12:53.369+03:00 DEBUG 27052 --- [JourneyHub] [           main] o.s.b.f.s.DefaultListableBeanFactory     : Creating shared instance of singleton bean 'redisConnectionFactory'
2025-04-12T01:12:53.467+03:00 DEBUG 27052 --- [JourneyHub] [           main] i.l.c.r.AddressResolverGroupProvider     : Starting without optional netty's non-blocking DNS resolver library
2025-04-12T01:12:53.468+03:00 DEBUG 27052 --- [JourneyHub] [           main] i.l.c.resource.DefaultClientResources    : -Dio.netty.eventLoopThreads: 6
2025-04-12T01:12:53.474+03:00 DEBUG 27052 --- [JourneyHub] [           main] i.l.c.r.DefaultEventLoopGroupProvider    : Creating executor io.netty.util.concurrent.DefaultEventExecutorGroup
2025-04-12T01:12:53.563+03:00 DEBUG 27052 --- [JourneyHub] [           main] i.l.core.event.jfr.EventRecorderHolder   : Starting with JFR support
2025-04-12T01:12:53.574+03:00 DEBUG 27052 --- [JourneyHub] [           main] i.l.c.resource.DefaultClientResources    : LatencyUtils/HdrUtils are not available, metrics are disabled
2025-04-12T01:12:53.614+03:00 DEBUG 27052 --- [JourneyHub] [           main] o.s.b.f.s.DefaultListableBeanFactory     : Autowiring by type from bean name 'redisTemplate' via factory method to bean named 'redisConnectionFactory'
2025-04-12T01:12:53.672+03:00 DEBUG 27052 --- [JourneyHub] [           main] o.s.data.convert.CustomConversions       : Adding converter from class java.lang.String to class [B as writing converter
2025-04-12T01:12:53.672+03:00 DEBUG 27052 --- [JourneyHub] [           main] o.s.data.convert.CustomConversions       : Adding converter from class [B to class java.lang.String as reading converter
2025-04-12T01:12:53.672+03:00 DEBUG 27052 --- [JourneyHub] [           main] o.s.data.convert.CustomConversions       : Adding converter from class java.lang.Number to class [B as writing converter
2025-04-12T01:12:53.673+03:00 DEBUG 27052 --- [JourneyHub] [           main] o.s.data.convert.CustomConversions       : Adding converter from class [B to class java.lang.Number as reading converter
2025-04-12T01:12:53.673+03:00 DEBUG 27052 --- [JourneyHub] [           main] o.s.data.convert.CustomConversions       : Adding converter from class java.lang.Enum to class [B as writing converter
2025-04-12T01:12:53.673+03:00 DEBUG 27052 --- [JourneyHub] [           main] o.s.data.convert.CustomConversions       : Adding converter from class [B to class java.lang.Enum as reading converter
2025-04-12T01:12:53.673+03:00 DEBUG 27052 --- [JourneyHub] [           main] o.s.data.convert.CustomConversions       : Adding converter from class java.lang.Boolean to class [B as writing converter
2025-04-12T01:12:53.673+03:00 DEBUG 27052 --- [JourneyHub] [           main] o.s.data.convert.CustomConversions       : Adding converter from class [B to class java.lang.Boolean as reading converter
2025-04-12T01:12:53.673+03:00 DEBUG 27052 --- [JourneyHub] [           main] o.s.data.convert.CustomConversions       : Adding converter from class java.util.Date to class [B as writing converter
2025-04-12T01:12:53.673+03:00 DEBUG 27052 --- [JourneyHub] [           main] o.s.data.convert.CustomConversions       : Adding converter from class [B to class java.util.Date as reading converter
2025-04-12T01:12:53.673+03:00 DEBUG 27052 --- [JourneyHub] [           main] o.s.data.convert.CustomConversions       : Adding converter from class java.util.UUID to class [B as writing converter
2025-04-12T01:12:53.673+03:00 DEBUG 27052 --- [JourneyHub] [           main] o.s.data.convert.CustomConversions       : Adding converter from class [B to class java.util.UUID as reading converter
2025-04-12T01:12:53.673+03:00 DEBUG 27052 --- [JourneyHub] [           main] o.s.data.convert.CustomConversions       : Adding converter from class java.time.LocalDateTime to class [B as reading converter
2025-04-12T01:12:53.674+03:00 DEBUG 27052 --- [JourneyHub] [           main] o.s.data.convert.CustomConversions       : Adding converter from class [B to class java.time.LocalDateTime as reading converter
2025-04-12T01:12:53.674+03:00 DEBUG 27052 --- [JourneyHub] [           main] o.s.data.convert.CustomConversions       : Adding converter from class java.time.LocalDate to class [B as reading converter
2025-04-12T01:12:53.674+03:00 DEBUG 27052 --- [JourneyHub] [           main] o.s.data.convert.CustomConversions       : Adding converter from class [B to class java.time.LocalDate as reading converter
2025-04-12T01:12:53.674+03:00 DEBUG 27052 --- [JourneyHub] [           main] o.s.data.convert.CustomConversions       : Adding converter from class java.time.LocalTime to class [B as reading converter
2025-04-12T01:12:53.675+03:00 DEBUG 27052 --- [JourneyHub] [           main] o.s.data.convert.CustomConversions       : Adding converter from class [B to class java.time.LocalTime as reading converter
2025-04-12T01:12:53.675+03:00 DEBUG 27052 --- [JourneyHub] [           main] o.s.data.convert.CustomConversions       : Adding converter from class java.time.ZonedDateTime to class [B as reading converter
2025-04-12T01:12:53.675+03:00 DEBUG 27052 --- [JourneyHub] [           main] o.s.data.convert.CustomConversions       : Adding converter from class [B to class java.time.ZonedDateTime as reading converter
2025-04-12T01:12:53.675+03:00 DEBUG 27052 --- [JourneyHub] [           main] o.s.data.convert.CustomConversions       : Adding converter from class java.time.Instant to class [B as reading converter
2025-04-12T01:12:53.675+03:00 DEBUG 27052 --- [JourneyHub] [           main] o.s.data.convert.CustomConversions       : Adding converter from class [B to class java.time.Instant as reading converter
2025-04-12T01:12:53.675+03:00 DEBUG 27052 --- [JourneyHub] [           main] o.s.data.convert.CustomConversions       : Adding converter from class java.time.ZoneId to class [B as reading converter
2025-04-12T01:12:53.675+03:00 DEBUG 27052 --- [JourneyHub] [           main] o.s.data.convert.CustomConversions       : Adding converter from class [B to class java.time.ZoneId as reading converter
2025-04-12T01:12:53.675+03:00 DEBUG 27052 --- [JourneyHub] [           main] o.s.data.convert.CustomConversions       : Adding converter from class java.time.Period to class [B as reading converter
2025-04-12T01:12:53.675+03:00 DEBUG 27052 --- [JourneyHub] [           main] o.s.data.convert.CustomConversions       : Adding converter from class [B to class java.time.Period as reading converter
2025-04-12T01:12:53.675+03:00 DEBUG 27052 --- [JourneyHub] [           main] o.s.data.convert.CustomConversions       : Adding converter from class java.time.Duration to class [B as reading converter
2025-04-12T01:12:53.675+03:00 DEBUG 27052 --- [JourneyHub] [           main] o.s.data.convert.CustomConversions       : Adding converter from class [B to class java.time.Duration as reading converter
2025-04-12T01:12:53.675+03:00 DEBUG 27052 --- [JourneyHub] [           main] o.s.data.convert.CustomConversions       : Adding converter from class java.time.OffsetDateTime to class [B as reading converter
2025-04-12T01:12:53.675+03:00 DEBUG 27052 --- [JourneyHub] [           main] o.s.data.convert.CustomConversions       : Adding converter from class [B to class java.time.OffsetDateTime as reading converter
2025-04-12T01:12:53.675+03:00 DEBUG 27052 --- [JourneyHub] [           main] o.s.data.convert.CustomConversions       : Adding converter from class java.time.OffsetTime to class [B as reading converter
2025-04-12T01:12:53.675+03:00 DEBUG 27052 --- [JourneyHub] [           main] o.s.data.convert.CustomConversions       : Adding converter from class [B to class java.time.OffsetTime as reading converter
2025-04-12T01:12:53.675+03:00 DEBUG 27052 --- [JourneyHub] [           main] o.s.data.convert.CustomConversions       : Adding converter from class java.util.Date to class java.time.LocalDateTime as reading converter
2025-04-12T01:12:53.676+03:00 DEBUG 27052 --- [JourneyHub] [           main] o.s.data.convert.CustomConversions       : Adding converter from class java.time.LocalDateTime to class java.util.Date as writing converter
2025-04-12T01:12:53.676+03:00 DEBUG 27052 --- [JourneyHub] [           main] o.s.data.convert.CustomConversions       : Adding converter from class java.util.Date to class java.time.LocalDate as reading converter
2025-04-12T01:12:53.676+03:00 DEBUG 27052 --- [JourneyHub] [           main] o.s.data.convert.CustomConversions       : Adding converter from class java.time.LocalDate to class java.util.Date as writing converter
2025-04-12T01:12:53.676+03:00 DEBUG 27052 --- [JourneyHub] [           main] o.s.data.convert.CustomConversions       : Adding converter from class java.util.Date to class java.time.LocalTime as reading converter
2025-04-12T01:12:53.676+03:00 DEBUG 27052 --- [JourneyHub] [           main] o.s.data.convert.CustomConversions       : Adding converter from class java.time.LocalTime to class java.util.Date as writing converter
2025-04-12T01:12:53.677+03:00 DEBUG 27052 --- [JourneyHub] [           main] o.s.data.convert.CustomConversions       : Adding converter from class java.util.Date to class java.time.Instant as reading converter
2025-04-12T01:12:53.677+03:00 DEBUG 27052 --- [JourneyHub] [           main] o.s.data.convert.CustomConversions       : Adding converter from class java.time.Instant to class java.util.Date as writing converter
2025-04-12T01:12:53.677+03:00 DEBUG 27052 --- [JourneyHub] [           main] o.s.data.convert.CustomConversions       : Adding converter from class java.time.LocalDateTime to class java.time.Instant as reading converter
2025-04-12T01:12:53.677+03:00 DEBUG 27052 --- [JourneyHub] [           main] o.s.data.convert.CustomConversions       : Adding converter from class java.time.Instant to class java.time.LocalDateTime as reading converter
2025-04-12T01:12:53.678+03:00 DEBUG 27052 --- [JourneyHub] [           main] o.s.data.convert.CustomConversions       : Adding converter from class java.time.ZoneId to class java.lang.String as writing converter
2025-04-12T01:12:53.678+03:00 DEBUG 27052 --- [JourneyHub] [           main] o.s.data.convert.CustomConversions       : Adding converter from class java.lang.String to class java.time.ZoneId as reading converter
2025-04-12T01:12:53.678+03:00 DEBUG 27052 --- [JourneyHub] [           main] o.s.data.convert.CustomConversions       : Adding converter from class java.time.Duration to class java.lang.String as writing converter
2025-04-12T01:12:53.678+03:00 DEBUG 27052 --- [JourneyHub] [           main] o.s.data.convert.CustomConversions       : Adding converter from class java.lang.String to class java.time.Duration as reading converter
2025-04-12T01:12:53.678+03:00 DEBUG 27052 --- [JourneyHub] [           main] o.s.data.convert.CustomConversions       : Adding converter from class java.time.Period to class java.lang.String as writing converter
2025-04-12T01:12:53.678+03:00 DEBUG 27052 --- [JourneyHub] [           main] o.s.data.convert.CustomConversions       : Adding converter from class java.lang.String to class java.time.Period as reading converter
2025-04-12T01:12:53.678+03:00 DEBUG 27052 --- [JourneyHub] [           main] o.s.data.convert.CustomConversions       : Adding converter from class java.lang.String to class java.time.LocalDate as reading converter
2025-04-12T01:12:53.678+03:00 DEBUG 27052 --- [JourneyHub] [           main] o.s.data.convert.CustomConversions       : Adding converter from class java.lang.String to class java.time.LocalDateTime as reading converter
2025-04-12T01:12:53.678+03:00 DEBUG 27052 --- [JourneyHub] [           main] o.s.data.convert.CustomConversions       : Adding converter from class java.lang.String to class java.time.Instant as reading converter
2025-04-12T01:12:53.680+03:00 DEBUG 27052 --- [JourneyHub] [           main] o.s.data.convert.CustomConversions       : Adding converter from class java.lang.String to class [B as writing converter
2025-04-12T01:12:53.681+03:00 DEBUG 27052 --- [JourneyHub] [           main] o.s.data.convert.CustomConversions       : Adding converter from class [B to class java.lang.String as reading converter
2025-04-12T01:12:53.681+03:00 DEBUG 27052 --- [JourneyHub] [           main] o.s.data.convert.CustomConversions       : Adding converter from class java.lang.Number to class [B as writing converter
2025-04-12T01:12:53.681+03:00 DEBUG 27052 --- [JourneyHub] [           main] o.s.data.convert.CustomConversions       : Adding converter from class [B to class java.lang.Number as reading converter
2025-04-12T01:12:53.681+03:00 DEBUG 27052 --- [JourneyHub] [           main] o.s.data.convert.CustomConversions       : Adding converter from class java.lang.Enum to class [B as writing converter
2025-04-12T01:12:53.681+03:00 DEBUG 27052 --- [JourneyHub] [           main] o.s.data.convert.CustomConversions       : Adding converter from class [B to class java.lang.Enum as reading converter
2025-04-12T01:12:53.681+03:00 DEBUG 27052 --- [JourneyHub] [           main] o.s.data.convert.CustomConversions       : Adding converter from class java.lang.Boolean to class [B as writing converter
2025-04-12T01:12:53.682+03:00 DEBUG 27052 --- [JourneyHub] [           main] o.s.data.convert.CustomConversions       : Adding converter from class [B to class java.lang.Boolean as reading converter
2025-04-12T01:12:53.682+03:00 DEBUG 27052 --- [JourneyHub] [           main] o.s.data.convert.CustomConversions       : Adding converter from class java.util.Date to class [B as writing converter
2025-04-12T01:12:53.682+03:00 DEBUG 27052 --- [JourneyHub] [           main] o.s.data.convert.CustomConversions       : Adding converter from class [B to class java.util.Date as reading converter
2025-04-12T01:12:53.682+03:00 DEBUG 27052 --- [JourneyHub] [           main] o.s.data.convert.CustomConversions       : Adding converter from class java.util.UUID to class [B as writing converter
2025-04-12T01:12:53.682+03:00 DEBUG 27052 --- [JourneyHub] [           main] o.s.data.convert.CustomConversions       : Adding converter from class [B to class java.util.UUID as reading converter
2025-04-12T01:12:53.682+03:00 DEBUG 27052 --- [JourneyHub] [           main] o.s.data.convert.CustomConversions       : Adding converter from class java.time.LocalDateTime to class [B as reading converter
2025-04-12T01:12:53.682+03:00 DEBUG 27052 --- [JourneyHub] [           main] o.s.data.convert.CustomConversions       : Adding converter from class [B to class java.time.LocalDateTime as reading converter
2025-04-12T01:12:53.682+03:00 DEBUG 27052 --- [JourneyHub] [           main] o.s.data.convert.CustomConversions       : Adding converter from class java.time.LocalDate to class [B as reading converter
2025-04-12T01:12:53.682+03:00 DEBUG 27052 --- [JourneyHub] [           main] o.s.data.convert.CustomConversions       : Adding converter from class [B to class java.time.LocalDate as reading converter
2025-04-12T01:12:53.682+03:00 DEBUG 27052 --- [JourneyHub] [           main] o.s.data.convert.CustomConversions       : Adding converter from class java.time.LocalTime to class [B as reading converter
2025-04-12T01:12:53.682+03:00 DEBUG 27052 --- [JourneyHub] [           main] o.s.data.convert.CustomConversions       : Adding converter from class [B to class java.time.LocalTime as reading converter
[...]
         - @ConditionalOnClass did not find required class 'org.springframework.hateoas.server.LinkRelationProvider' (OnClassCondition)

   SpringDocJacksonKotlinModuleConfiguration:
      Did not match:
         - @ConditionalOnClass did not find required class 'com.fasterxml.jackson.module.kotlin.KotlinModule' (OnClassCondition)

   SpringDocJavadocConfiguration:
      Did not match:
         - @ConditionalOnClass did not find required class 'com.github.therapi.runtimejavadoc.CommentFormatter' (OnClassCondition)

   SpringDocKotlinConfiguration:
      Did not match:
         - @ConditionalOnClass did not find required class 'kotlin.coroutines.Continuation' (OnClassCondition)

   SpringDocKotlinxConfiguration:
      Did not match:
         - @ConditionalOnClass did not find required class 'kotlinx.coroutines.flow.Flow' (OnClassCondition)

   SpringDocSecurityConfiguration.SpringDocSecurityOAuth2ClientConfiguration:
      Did not match:
         - @ConditionalOnClass did not find required class 'org.springframework.security.oauth2.client.annotation.RegisteredOAuth2AuthorizedClient' (OnClassCondition)

   SpringDocSecurityConfiguration.SpringDocSecurityOAuth2Configuration:
      Did not match:
         - @ConditionalOnClass did not find required class 'org.springframework.security.oauth2.server.authorization.OAuth2AuthorizationService' (OnClassCondition)

   SpringDocSecurityConfiguration.SpringSecurityLoginEndpointConfiguration#springSecurityLoginEndpointCustomiser:
      Did not match:
         - @ConditionalOnProperty (springdoc.show-login-endpoint) did not find property 'springdoc.show-login-endpoint' (OnPropertyCondition)

   SpringDocSortConfiguration#delegatingMethodParameterCustomizer:
      Did not match:
         - @ConditionalOnMissingBean (types: org.springdoc.core.customizers.DelegatingMethodParameterCustomizer; SearchStrategy: all) found beans of type 'org.springdoc.core.customizers.DelegatingMethodParameterCustomizer' delegatingMethodParameterCustomizer (OnBeanCondition)

   SpringDocWebMvcConfiguration.SpringDocWebMvcActuatorConfiguration:
      Did not match:
         - @ConditionalOnClass did not find required class 'org.springframework.boot.actuate.endpoint.web.servlet.WebMvcEndpointHandlerMapping' (OnClassCondition)

   SwaggerConfig#springWebProvider:
      Did not match:
         - @ConditionalOnMissingBean (types: org.springdoc.core.providers.SpringWebProvider; SearchStrategy: all) found beans of type 'org.springdoc.core.providers.SpringWebProvider' springWebProvider (OnBeanCondition)

   SwaggerConfig#swaggerUiConfigParameters:
      Did not match:
         - @ConditionalOnMissingBean (types: org.springdoc.core.properties.SwaggerUiConfigParameters; SearchStrategy: all) found beans of type 'org.springdoc.core.properties.SwaggerUiConfigParameters' org.springdoc.core.properties.SwaggerUiConfigParameters (OnBeanCondition)

   SwaggerConfig#swaggerUiHome:
      Did not match:
         - @ConditionalOnProperty (springdoc.swagger-ui.use-root-path=true) did not find property 'springdoc.swagger-ui.use-root-path' (OnPropertyCondition)

   SwaggerConfig.SwaggerActuatorWelcomeConfiguration:
      Did not match:
         - @ConditionalOnClass did not find required class 'org.springframework.boot.actuate.endpoint.web.servlet.WebMvcEndpointHandlerMapping' (OnClassCondition)

   TaskExecutorConfigurations.SimpleAsyncTaskExecutorBuilderConfiguration#simpleAsyncTaskExecutorBuilderVirtualThreads:
      Did not match:
         - @ConditionalOnMissingBean (types: org.springframework.boot.task.SimpleAsyncTaskExecutorBuilder; SearchStrategy: all) found beans of type 'org.springframework.boot.task.SimpleAsyncTaskExecutorBuilder' simpleAsyncTaskExecutorBuilder (OnBeanCondition)

   TaskExecutorConfigurations.TaskExecutorConfiguration#applicationTaskExecutorVirtualThreads:
      Did not match:
         - @ConditionalOnThreading did not find VIRTUAL (OnThreadingCondition)

   TaskSchedulingAutoConfiguration#scheduledBeanLazyInitializationExcludeFilter:
      Did not match:
         - @ConditionalOnBean (names: org.springframework.context.annotation.internalScheduledAnnotationProcessor; SearchStrategy: all) did not find any beans named org.springframework.context.annotation.internalScheduledAnnotationProcessor (OnBeanCondition)

   TaskSchedulingConfigurations.SimpleAsyncTaskSchedulerBuilderConfiguration#simpleAsyncTaskSchedulerBuilderVirtualThreads:
      Did not match:
         - @ConditionalOnMissingBean (types: org.springframework.boot.task.SimpleAsyncTaskSchedulerBuilder; SearchStrategy: all) found beans of type 'org.springframework.boot.task.SimpleAsyncTaskSchedulerBuilder' simpleAsyncTaskSchedulerBuilder (OnBeanCondition)

   TaskSchedulingConfigurations.TaskSchedulerConfiguration:
      Did not match:
         - @ConditionalOnBean (names: org.springframework.context.annotation.internalScheduledAnnotationProcessor; SearchStrategy: all) did not find any beans named org.springframework.context.annotation.internalScheduledAnnotationProcessor (OnBeanCondition)

   ThymeleafAutoConfiguration:
      Did not match:
         - @ConditionalOnClass did not find required class 'org.thymeleaf.spring6.SpringTemplateEngine' (OnClassCondition)

   TransactionAutoConfiguration#transactionalOperator:
      Did not match:
         - @ConditionalOnSingleCandidate (types: org.springframework.transaction.ReactiveTransactionManager; SearchStrategy: all) did not find any beans (OnBeanCondition)

   TransactionAutoConfiguration.AspectJTransactionManagementConfiguration:
      Did not match:
         - @ConditionalOnBean (types: org.springframework.transaction.aspectj.AbstractTransactionAspect; SearchStrategy: all) did not find any beans of type org.springframework.transaction.aspectj.AbstractTransactionAspect (OnBeanCondition)

   TransactionAutoConfiguration.EnableTransactionManagementConfiguration.JdkDynamicAutoProxyConfiguration:
      Did not match:
         - @ConditionalOnProperty (spring.aop.proxy-target-class=false) did not find property 'proxy-target-class' (OnPropertyCondition)

   UserDetailsServiceAutoConfiguration:
      Did not match:
         - @ConditionalOnMissingBean (types: org.springframework.security.authentication.AuthenticationManager,org.springframework.security.authentication.AuthenticationProvider,org.springframework.security.core.userdetails.UserDetailsService,org.springframework.security.authentication.AuthenticationManagerResolver,org.springframework.security.oauth2.jwt.JwtDecoder; SearchStrategy: all) found beans of type 'org.springframework.security.authentication.AuthenticationManager' authenticationManager and found beans of type 'org.springframework.security.core.userdetails.UserDetailsService' customUserDetailsService (OnBeanCondition)
      Matched:
         - @ConditionalOnClass found required class 'org.springframework.security.authentication.AuthenticationManager' (OnClassCondition)
         - found 'session' scope (OnWebApplicationCondition)
         - AnyNestedCondition 1 matched 2 did not; NestedCondition on UserDetailsServiceAutoConfiguration.MissingAlternativeOrUserPropertiesConfigured.PasswordConfigured @ConditionalOnProperty (spring.security.user.password) did not find property 'password'; NestedCondition on UserDetailsServiceAutoConfiguration.MissingAlternativeOrUserPropertiesConfigured.NameConfigured @ConditionalOnProperty (spring.security.user.name) did not find property 'name'; NestedCondition on UserDetailsServiceAutoConfiguration.MissingAlternativeOrUserPropertiesConfigured.MissingAlternative @ConditionalOnMissingClass did not find unwanted classes 'org.springframework.security.oauth2.client.registration.ClientRegistrationRepository', 'org.springframework.security.oauth2.server.resource.introspection.OpaqueTokenIntrospector', 'org.springframework.security.saml2.provider.service.registration.RelyingPartyRegistrationRepository' (UserDetailsServiceAutoConfiguration.MissingAlternativeOrUserPropertiesConfigured)

   WebClientAutoConfiguration:
      Did not match:
         - @ConditionalOnClass did not find required class 'org.springframework.web.reactive.function.client.WebClient' (OnClassCondition)

   WebFluxAutoConfiguration:
      Did not match:
         - @ConditionalOnClass did not find required class 'org.springframework.web.reactive.config.WebFluxConfigurer' (OnClassCondition)

   WebMvcAutoConfiguration#hiddenHttpMethodFilter:
      Did not match:
         - @ConditionalOnProperty (spring.mvc.hiddenmethod.filter.enabled) did not find property 'enabled' (OnPropertyCondition)

   WebMvcAutoConfiguration.ProblemDetailsErrorHandlingConfiguration:
      Did not match:
         - @ConditionalOnProperty (spring.mvc.problemdetails.enabled=true) did not find property 'enabled' (OnPropertyCondition)

   WebMvcAutoConfiguration.ResourceChainCustomizerConfiguration:
      Did not match:
         - @ConditionalOnEnabledResourceChain did not find class org.webjars.WebJarVersionLocator (OnEnabledResourceChainCondition)

   WebMvcAutoConfiguration.WebMvcAutoConfigurationAdapter#beanNameViewResolver:
      Did not match:
         - @ConditionalOnMissingBean (types: org.springframework.web.servlet.view.BeanNameViewResolver; SearchStrategy: all) found beans of type 'org.springframework.web.servlet.view.BeanNameViewResolver' beanNameViewResolver (OnBeanCondition)

   WebServiceTemplateAutoConfiguration:
      Did not match:
         - @ConditionalOnClass did not find required class 'org.springframework.ws.client.core.WebServiceTemplate' (OnClassCondition)

   WebServicesAutoConfiguration:
      Did not match:
         - @ConditionalOnClass did not find required class 'org.springframework.ws.transport.http.MessageDispatcherServlet' (OnClassCondition)

   WebSessionIdResolverAutoConfiguration:
      Did not match:
         - @ConditionalOnWebApplication did not find reactive web application classes (OnWebApplicationCondition)

   WebSocketMessagingAutoConfiguration:
      Did not match:
         - @ConditionalOnClass did not find required class 'org.springframework.web.socket.config.annotation.WebSocketMessageBrokerConfigurer' (OnClassCondition)

   WebSocketReactiveAutoConfiguration:
      Did not match:
         - @ConditionalOnWebApplication did not find reactive web application classes (OnWebApplicationCondition)

   WebSocketServletAutoConfiguration.JettyWebSocketConfiguration:
      Did not match:
         - @ConditionalOnClass did not find required class 'org.eclipse.jetty.ee10.websocket.jakarta.server.config.JakartaWebSocketServletContainerInitializer' (OnClassCondition)

   WebSocketServletAutoConfiguration.UndertowWebSocketConfiguration:
      Did not match:
         - @ConditionalOnClass did not find required class 'io.undertow.websockets.jsr.Bootstrap' (OnClassCondition)

   XADataSourceAutoConfiguration:
      Did not match:
         - @ConditionalOnBean (types: org.springframework.boot.jdbc.XADataSourceWrapper; SearchStrategy: all) did not find any beans of type org.springframework.boot.jdbc.XADataSourceWrapper (OnBeanCondition)
      Matched:
         - @ConditionalOnClass found required classes 'javax.sql.DataSource', 'jakarta.transaction.TransactionManager', 'org.springframework.jdbc.datasource.embedded.EmbeddedDatabaseType' (OnClassCondition)


Exclusions:
-----------

    None


Unconditional classes:
----------------------

    org.springframework.boot.autoconfigure.context.ConfigurationPropertiesAutoConfiguration

    org.springframework.boot.autoconfigure.ssl.SslAutoConfiguration

    org.springframework.boot.autoconfigure.context.PropertyPlaceholderAutoConfiguration

    org.springframework.boot.autoconfigure.context.LifecycleAutoConfiguration

    org.springdoc.core.configuration.SpringDocSpecPropertiesConfiguration

    org.springframework.boot.autoconfigure.availability.ApplicationAvailabilityAutoConfiguration

    org.springframework.boot.autoconfigure.info.ProjectInfoAutoConfiguration



2025-04-12T01:12:55.851+03:00  INFO 27052 --- [JourneyHub] [           main] c.e.J.JourneyHubApplicationTests         : Started JourneyHubApplicationTests in 13.706 seconds (process running for 15.477)
2025-04-12T01:12:55.853+03:00 DEBUG 27052 --- [JourneyHub] [           main] o.s.b.a.ApplicationAvailabilityBean      : Application availability state LivenessState changed to CORRECT
Starting route generation...
2025-04-12T01:12:55.876+03:00 DEBUG 27052 --- [JourneyHub] [           main] o.s.orm.jpa.JpaTransactionManager        : Creating new transaction with name [org.springframework.data.jpa.repository.support.SimpleJpaRepository.count]: PROPAGATION_REQUIRED,ISOLATION_DEFAULT,readOnly
2025-04-12T01:12:55.877+03:00 DEBUG 27052 --- [JourneyHub] [           main] o.s.orm.jpa.JpaTransactionManager        : Opened new EntityManager [SessionImpl(1269523618<open>)] for JPA transaction
2025-04-12T01:12:55.885+03:00 DEBUG 27052 --- [JourneyHub] [           main] o.s.jdbc.datasource.DataSourceUtils      : Setting JDBC Connection [HikariProxyConnection@1082840602 wrapping org.postgresql.jdbc.PgConnection@6f6c8d45] read-only
2025-04-12T01:12:55.898+03:00 DEBUG 27052 --- [JourneyHub] [           main] o.s.orm.jpa.JpaTransactionManager        : Exposing JPA transaction as JDBC [org.springframework.orm.jpa.vendor.HibernateJpaDialect$HibernateConnectionHandle@57d827e6]
Hibernate: select count(*) from routes r1_0
2025-04-12T01:12:56.506+03:00 DEBUG 27052 --- [JourneyHub] [           main] o.s.orm.jpa.JpaTransactionManager        : Initiating transaction commit
2025-04-12T01:12:56.506+03:00 DEBUG 27052 --- [JourneyHub] [           main] o.s.orm.jpa.JpaTransactionManager        : Committing JPA transaction on EntityManager [SessionImpl(1269523618<open>)]
2025-04-12T01:12:56.509+03:00 DEBUG 27052 --- [JourneyHub] [           main] o.s.jdbc.datasource.DataSourceUtils      : Resetting read-only flag of JDBC Connection [HikariProxyConnection@1082840602 wrapping org.postgresql.jdbc.PgConnection@6f6c8d45]
2025-04-12T01:12:56.509+03:00 DEBUG 27052 --- [JourneyHub] [           main] o.s.orm.jpa.JpaTransactionManager        : Closing JPA EntityManager [SessionImpl(1269523618<open>)] after transaction
Routes already exist in the database. Skipping generation.
Route generation completed.
2025-04-12T01:12:56.511+03:00 DEBUG 27052 --- [JourneyHub] [           main] o.s.b.a.ApplicationAvailabilityBean      : Application availability state ReadinessState changed to ACCEPTING_TRAFFIC
2025-04-12T01:12:56.514+03:00 DEBUG 27052 --- [JourneyHub] [           main] org.springframework.test.context.cache   : Spring test ApplicationContext cache statistics: [DefaultContextCache@4c0338a7 size = 1, maxSize = 32, parentContextCount = 0, hitCount = 0, missCount = 1, failureCount = 0]
2025-04-12T01:12:56.515+03:00 DEBUG 27052 --- [JourneyHub] [           main] o.s.t.c.w.ServletTestExecutionListener   : Setting up MockHttpServletRequest, MockHttpServletResponse, ServletWebRequest, and RequestContextHolder for test class com.example.JourneyHub.JourneyHubApplicationTests
2025-04-12T01:12:56.533+03:00 DEBUG 27052 --- [JourneyHub] [           main] DependencyInjectionTestExecutionListener : Performing dependency injection for test class com.example.JourneyHub.JourneyHubApplicationTests
2025-04-12T01:12:56.533+03:00 DEBUG 27052 --- [JourneyHub] [           main] org.springframework.test.context.cache   : Spring test ApplicationContext cache statistics: [DefaultContextCache@4c0338a7 size = 1, maxSize = 32, parentContextCount = 0, hitCount = 1, missCount = 1, failureCount = 0]
2025-04-12T01:12:56.535+03:00 DEBUG 27052 --- [JourneyHub] [           main] org.springframework.test.context.cache   : Spring test ApplicationContext cache statistics: [DefaultContextCache@4c0338a7 size = 1, maxSize = 32, parentContextCount = 0, hitCount = 2, missCount = 1, failureCount = 0]
2025-04-12T01:12:56.543+03:00 DEBUG 27052 --- [JourneyHub] [           main] sContextBeforeModesTestExecutionListener : Before test method: class [JourneyHubApplicationTests], method [contextLoads], class annotated with @DirtiesContext [false] with mode [null], method annotated with @DirtiesContext [false] with mode [null]
2025-04-12T01:12:56.550+03:00 DEBUG 27052 --- [JourneyHub] [           main] org.springframework.test.context.cache   : Spring test ApplicationContext cache statistics: [DefaultContextCache@4c0338a7 size = 1, maxSize = 32, parentContextCount = 0, hitCount = 3, missCount = 1, failureCount = 0]
2025-04-12T01:12:56.550+03:00 DEBUG 27052 --- [JourneyHub] [           main] org.springframework.test.context.cache   : Spring test ApplicationContext cache statistics: [DefaultContextCache@4c0338a7 size = 1, maxSize = 32, parentContextCount = 0, hitCount = 4, missCount = 1, failureCount = 0]
2025-04-12T01:12:56.736+03:00 DEBUG 27052 --- [JourneyHub] [           main] org.springframework.test.context.cache   : Spring test ApplicationContext cache statistics: [DefaultContextCache@4c0338a7 size = 1, maxSize = 32, parentContextCount = 0, hitCount = 5, missCount = 1, failureCount = 0]
2025-04-12T01:12:56.743+03:00 DEBUG 27052 --- [JourneyHub] [           main] org.springframework.test.context.cache   : Spring test ApplicationContext cache statistics: [DefaultContextCache@4c0338a7 size = 1, maxSize = 32, parentContextCount = 0, hitCount = 6, missCount = 1, failureCount = 0]
2025-04-12T01:12:56.756+03:00 DEBUG 27052 --- [JourneyHub] [           main] org.springframework.test.context.cache   : Spring test ApplicationContext cache statistics: [DefaultContextCache@4c0338a7 size = 1, maxSize = 32, parentContextCount = 0, hitCount = 7, missCount = 1, failureCount = 0]
2025-04-12T01:12:56.757+03:00 DEBUG 27052 --- [JourneyHub] [           main] org.springframework.test.context.cache   : Spring test ApplicationContext cache statistics: [DefaultContextCache@4c0338a7 size = 1, maxSize = 32, parentContextCount = 0, hitCount = 8, missCount = 1, failureCount = 0]
2025-04-12T01:12:56.758+03:00 DEBUG 27052 --- [JourneyHub] [           main] org.springframework.test.context.cache   : Spring test ApplicationContext cache statistics: [DefaultContextCache@4c0338a7 size = 1, maxSize = 32, parentContextCount = 0, hitCount = 9, missCount = 1, failureCount = 0]
2025-04-12T01:12:56.758+03:00 DEBUG 27052 --- [JourneyHub] [           main] org.springframework.test.context.cache   : Spring test ApplicationContext cache statistics: [DefaultContextCache@4c0338a7 size = 1, maxSize = 32, parentContextCount = 0, hitCount = 10, missCount = 1, failureCount = 0]
2025-04-12T01:12:56.760+03:00 DEBUG 27052 --- [JourneyHub] [           main] org.springframework.test.context.cache   : Spring test ApplicationContext cache statistics: [DefaultContextCache@4c0338a7 size = 1, maxSize = 32, parentContextCount = 0, hitCount = 11, missCount = 1, failureCount = 0]
2025-04-12T01:12:56.761+03:00 DEBUG 27052 --- [JourneyHub] [           main] org.springframework.test.context.cache   : Spring test ApplicationContext cache statistics: [DefaultContextCache@4c0338a7 size = 1, maxSize = 32, parentContextCount = 0, hitCount = 12, missCount = 1, failureCount = 0]
2025-04-12T01:12:56.762+03:00 DEBUG 27052 --- [JourneyHub] [           main] org.springframework.test.context.cache   : Spring test ApplicationContext cache statistics: [DefaultContextCache@4c0338a7 size = 1, maxSize = 32, parentContextCount = 0, hitCount = 13, missCount = 1, failureCount = 0]
2025-04-12T01:12:56.763+03:00 DEBUG 27052 --- [JourneyHub] [           main] .c.s.DirtiesContextTestExecutionListener : After test method: class [JourneyHubApplicationTests], method [contextLoads], class annotated with @DirtiesContext [false] with mode [null], method annotated with @DirtiesContext [false] with mode [null]
2025-04-12T01:12:56.763+03:00 DEBUG 27052 --- [JourneyHub] [           main] o.s.t.c.w.ServletTestExecutionListener   : Resetting RequestContextHolder for test class com.example.JourneyHub.JourneyHubApplicationTests
]]></system-out>
  </testcase>
</testsuite>